SF:lib\data\datasources\local\exercise_local_datasource.dart
DA:61,2
DA:63,6
DA:66,2
DA:68,6
DA:71,2
DA:73,8
DA:74,4
DA:77,1
DA:79,2
DA:80,2
DA:81,4
DA:83,2
DA:86,2
DA:88,6
DA:89,4
DA:92,1
DA:94,2
DA:95,1
DA:99,2
DA:101,6
DA:104,2
DA:107,6
DA:110,2
DA:113,8
DA:114,4
DA:117,1
DA:120,2
DA:121,2
DA:122,4
DA:124,2
DA:127,2
DA:129,6
DA:130,4
DA:133,1
DA:135,2
DA:136,1
DA:140,1
DA:142,1
DA:145,1
DA:147,1
DA:150,1
DA:154,1
DA:155,4
DA:158,1
DA:162,1
DA:163,4
DA:169,1
DA:170,2
DA:171,2
DA:172,1
DA:173,1
DA:179,0
DA:181,0
DA:184,0
DA:186,0
DA:189,0
DA:191,0
DA:194,0
DA:196,0
DA:199,0
DA:201,0
DA:204,0
DA:206,0
DA:209,0
DA:211,0
DA:214,0
DA:217,0
DA:220,0
DA:222,0
DA:225,0
DA:228,0
DA:231,0
DA:233,0
DA:236,0
DA:238,0
DA:241,0
DA:243,0
DA:246,0
DA:248,0
DA:251,0
DA:255,0
DA:258,0
DA:262,0
LF:83
LH:51
end_of_record
SF:lib\models\exercise_models.dart
DA:16,0
DA:27,1
DA:35,1
DA:38,0
DA:41,0
DA:44,0
DA:45,0
DA:46,0
DA:47,0
DA:48,0
DA:55,0
DA:56,0
DA:62,0
DA:63,0
DA:68,0
DA:76,0
DA:77,0
DA:79,0
DA:80,0
DA:83,0
DA:84,0
DA:88,0
DA:89,0
DA:90,0
DA:91,0
DA:96,0
DA:102,0
DA:103,0
DA:104,0
DA:106,0
DA:107,0
DA:112,0
DA:113,0
DA:114,0
DA:115,0
DA:116,0
DA:122,0
DA:133,0
DA:134,0
DA:135,0
DA:136,0
DA:137,0
DA:138,0
DA:139,0
DA:140,0
DA:141,0
DA:146,0
DA:147,0
DA:148,0
DA:149,0
DA:150,0
DA:151,0
DA:152,0
DA:153,0
DA:154,0
DA:155,0
DA:156,0
DA:162,0
DA:163,0
DA:164,0
DA:165,0
DA:166,0
DA:167,0
DA:168,0
DA:169,0
DA:170,0
DA:171,0
DA:175,0
DA:178,0
DA:179,0
DA:180,0
DA:182,0
DA:183,0
DA:185,0
DA:187,0
DA:188,0
DA:192,0
DA:193,0
DA:196,0
DA:197,0
DA:198,0
DA:199,0
DA:200,0
DA:201,0
DA:202,0
DA:203,0
DA:205,0
DA:239,3
DA:259,0
DA:262,0
DA:263,0
DA:264,0
DA:265,0
DA:266,0
DA:267,0
DA:268,0
DA:269,0
DA:271,0
DA:272,0
DA:273,0
DA:274,0
DA:275,0
DA:276,0
DA:277,0
DA:278,0
DA:279,0
DA:280,0
DA:281,0
DA:282,0
DA:287,0
DA:288,0
DA:289,0
DA:290,0
DA:291,0
DA:292,0
DA:293,0
DA:294,0
DA:295,0
DA:296,0
DA:297,0
DA:298,0
DA:299,0
DA:300,0
DA:301,0
DA:302,0
DA:303,0
DA:304,0
DA:309,3
DA:327,3
DA:328,3
DA:329,3
DA:330,3
DA:331,3
DA:332,3
DA:333,2
DA:334,2
DA:335,2
DA:337,2
DA:338,3
DA:339,3
DA:340,3
DA:341,3
DA:342,3
DA:343,3
DA:344,3
DA:348,0
DA:351,0
DA:353,0
DA:354,0
DA:356,0
DA:358,0
DA:372,0
DA:380,0
DA:385,0
DA:388,0
DA:391,0
DA:394,0
DA:397,0
DA:400,0
DA:403,0
DA:406,0
DA:407,0
DA:410,0
DA:411,0
DA:412,0
DA:416,0
DA:417,0
DA:418,0
DA:419,0
DA:420,0
DA:422,0
DA:427,0
DA:428,0
DA:429,0
DA:430,0
DA:431,0
DA:433,0
DA:438,0
DA:439,0
DA:440,0
DA:441,0
DA:442,0
DA:444,0
DA:448,0
DA:455,0
DA:456,0
DA:457,0
DA:458,0
DA:459,0
DA:460,0
DA:465,0
DA:466,0
DA:467,0
DA:468,0
DA:469,0
DA:470,0
DA:471,0
DA:472,0
DA:473,0
DA:474,0
DA:475,0
DA:480,0
DA:481,0
DA:482,0
DA:483,0
DA:484,0
DA:485,0
DA:486,0
DA:490,0
DA:493,0
DA:494,0
DA:495,0
DA:497,0
DA:498,0
DA:500,0
DA:502,0
DA:503,0
DA:507,0
DA:508,0
DA:511,0
DA:512,0
DA:513,0
DA:514,0
DA:515,0
DA:516,0
DA:519,0
DA:520,0
DA:523,0
LF:228
LH:21
end_of_record
SF:lib\models\shared_enums.dart
DA:17,0
DA:19,0
DA:21,0
DA:23,0
DA:41,1
DA:43,1
DA:45,1
DA:47,1
DA:49,1
DA:51,1
DA:53,1
DA:55,0
DA:70,0
DA:72,0
DA:74,0
DA:76,0
DA:78,0
DA:83,0
DA:85,0
DA:87,0
DA:89,0
DA:91,0
DA:112,0
DA:114,0
DA:116,0
DA:118,0
DA:120,0
DA:122,0
DA:124,0
DA:126,0
DA:128,0
DA:130,0
DA:132,0
DA:147,0
DA:149,0
DA:151,0
DA:153,0
DA:155,0
DA:160,0
DA:162,0
DA:164,0
DA:166,0
DA:168,0
LF:43
LH:7
end_of_record
SF:lib\models\user_exercise_preferences.dart
DA:33,3
DA:46,3
DA:54,3
DA:55,3
DA:56,3
DA:69,1
DA:70,1
DA:71,1
DA:72,1
DA:73,1
DA:74,1
DA:77,2
DA:78,6
DA:79,1
DA:80,3
DA:84,2
DA:85,3
DA:86,4
DA:87,4
DA:89,4
DA:90,4
DA:98,3
DA:109,3
DA:110,3
DA:111,3
DA:112,1
DA:113,3
DA:114,3
DA:116,3
DA:117,3
DA:118,3
DA:119,3
DA:124,1
DA:125,1
DA:126,1
DA:127,1
DA:128,1
DA:129,1
DA:130,2
DA:131,1
DA:132,1
DA:133,1
DA:134,2
DA:135,0
DA:136,1
DA:137,2
DA:138,0
DA:143,1
DA:144,1
DA:145,1
DA:146,1
DA:147,1
DA:148,1
DA:149,1
DA:150,1
DA:151,1
DA:152,2
DA:153,2
DA:157,0
DA:160,0
DA:161,0
DA:162,0
DA:164,0
DA:165,0
DA:167,0
DA:169,0
DA:170,0
DA:171,0
LF:68
LH:56
end_of_record
SF:lib\models\operation_result.dart
DA:4,3
DA:9,3
DA:18,0
DA:26,3
DA:33,3
LF:5
LH:4
end_of_record
SF:lib\utils\utils.dart
DA:5,6
DA:7,12
DA:8,24
DA:9,6
DA:15,0
DA:16,0
DA:17,0
DA:18,0
DA:19,0
DA:21,0
LF:10
LH:4
end_of_record
SF:lib\data\repositories\exercise_repository.dart
DA:144,1
DA:148,2
DA:152,1
DA:155,1
DA:156,1
DA:157,1
DA:164,1
DA:168,1
DA:171,1
DA:179,1
DA:181,1
DA:188,1
DA:190,2
DA:193,1
DA:196,1
DA:197,1
DA:201,2
DA:204,1
DA:207,6
DA:209,2
DA:210,1
DA:217,3
DA:219,3
DA:222,2
DA:225,1
DA:228,5
DA:230,1
DA:235,2
DA:238,2
DA:245,1
DA:250,1
DA:251,1
DA:252,1
DA:253,1
DA:254,1
DA:255,1
DA:256,3
DA:260,1
DA:264,1
DA:265,2
DA:268,1
DA:269,3
DA:273,2
DA:274,2
DA:276,1
DA:279,1
DA:282,1
DA:285,1
DA:286,6
DA:287,1
DA:291,2
DA:294,1
DA:296,1
DA:299,2
DA:301,1
DA:306,1
DA:308,1
DA:310,6
DA:311,1
DA:314,1
DA:319,1
DA:320,1
DA:323,1
DA:324,1
DA:326,2
DA:328,3
DA:331,3
DA:336,4
DA:341,2
DA:342,2
DA:346,1
DA:349,1
DA:354,1
DA:355,5
DA:358,1
DA:363,1
DA:364,1
DA:366,2
DA:367,1
DA:368,4
DA:369,1
DA:376,1
DA:378,2
DA:381,1
DA:384,2
DA:387,1
DA:391,2
DA:393,1
DA:394,2
DA:398,2
DA:401,1
DA:403,2
DA:410,1
DA:413,1
DA:416,1
DA:419,1
DA:426,1
LF:97
LH:97
end_of_record
SF:lib\core\theme\app_colors.dart
DA:122,0
DA:123,0
DA:124,0
DA:126,0
DA:127,0
DA:128,0
DA:130,0
DA:131,0
DA:134,0
DA:135,0
DA:136,0
DA:138,0
DA:140,0
DA:141,0
DA:142,0
DA:143,0
DA:144,0
DA:146,0
DA:148,0
DA:149,0
DA:150,0
DA:152,0
LF:22
LH:0
end_of_record
SF:lib\core\theme\theme_utils.dart
DA:13,4
DA:16,6
DA:19,0
DA:23,3
DA:24,0
DA:25,3
DA:26,0
DA:29,0
DA:30,0
DA:31,0
DA:32,0
DA:35,6
DA:36,0
DA:37,6
DA:38,6
DA:41,0
DA:42,0
DA:45,3
DA:46,3
DA:49,0
DA:50,0
DA:51,0
DA:52,0
DA:55,0
DA:59,0
DA:63,0
DA:67,0
DA:71,0
DA:75,0
DA:80,2
DA:81,4
DA:82,0
DA:85,4
DA:120,0
DA:135,0
DA:149,0
DA:163,0
DA:177,0
DA:191,0
DA:204,0
DA:205,0
DA:211,0
DA:212,0
DA:213,0
DA:217,0
DA:218,0
DA:219,0
DA:223,0
DA:224,0
DA:225,0
DA:229,0
DA:230,0
DA:231,0
DA:232,0
DA:234,0
DA:238,0
DA:240,0
DA:241,0
DA:243,0
DA:245,0
DA:247,0
DA:249,0
DA:250,0
DA:251,0
DA:252,0
DA:253,0
DA:254,0
DA:255,0
DA:260,0
DA:261,0
DA:262,0
DA:263,0
DA:264,0
DA:265,0
DA:266,0
DA:267,0
DA:268,0
DA:269,0
DA:270,0
DA:271,0
DA:275,0
DA:276,0
DA:277,0
DA:279,0
DA:280,0
DA:283,0
DA:285,0
DA:288,0
DA:291,0
DA:292,0
DA:293,0
DA:294,0
DA:295,0
DA:299,0
DA:301,0
DA:303,0
DA:304,0
DA:305,0
DA:312,0
DA:313,0
DA:314,0
DA:316,0
DA:317,0
DA:320,0
DA:322,0
DA:323,0
DA:324,0
DA:327,0
DA:328,0
DA:331,0
DA:333,0
DA:335,0
DA:336,0
DA:337,0
DA:344,0
DA:345,0
DA:346,0
DA:348,0
DA:349,0
DA:352,0
DA:355,0
DA:357,0
DA:359,0
DA:360,0
DA:361,0
DA:368,0
DA:369,0
DA:370,0
DA:372,0
DA:374,0
DA:375,0
DA:376,0
DA:377,0
DA:378,0
DA:383,0
DA:385,0
DA:386,0
DA:387,0
DA:389,0
DA:390,0
DA:394,0
DA:395,0
DA:396,0
DA:398,0
DA:400,0
DA:401,0
DA:402,0
DA:403,0
DA:407,0
DA:409,0
DA:410,0
DA:414,0
DA:415,0
DA:416,0
DA:424,0
DA:425,0
DA:426,0
DA:428,0
DA:429,0
DA:435,0
DA:436,0
DA:437,0
DA:438,0
DA:439,0
DA:443,0
DA:445,0
DA:447,0
DA:448,0
DA:449,0
DA:491,1
DA:507,0
DA:522,0
DA:537,0
DA:552,0
DA:567,0
DA:582,1
DA:596,1
DA:597,1
DA:604,1
DA:606,1
DA:607,2
DA:611,2
DA:612,0
DA:616,0
DA:618,0
DA:619,0
DA:620,0
DA:621,0
DA:622,0
DA:626,1
DA:628,2
DA:629,1
DA:632,0
DA:633,0
DA:634,0
DA:635,0
DA:637,0
DA:641,1
DA:643,2
DA:644,1
DA:645,0
DA:646,1
DA:647,0
DA:648,1
DA:649,1
DA:650,1
DA:651,0
DA:652,1
DA:653,0
DA:654,1
DA:655,1
DA:659,0
DA:660,0
DA:661,0
DA:662,0
DA:663,0
DA:666,0
DA:668,0
DA:677,0
DA:678,0
DA:679,0
DA:680,0
DA:681,0
DA:682,0
DA:683,0
DA:684,0
DA:687,0
DA:688,0
DA:689,0
DA:690,0
DA:692,0
DA:693,0
DA:694,0
DA:695,0
DA:697,0
DA:700,0
DA:707,1
DA:708,2
DA:709,0
DA:710,0
DA:711,0
DA:715,4
DA:716,0
DA:717,0
DA:718,0
DA:725,0
DA:726,0
DA:727,0
DA:728,0
DA:730,0
DA:731,0
DA:732,0
DA:733,0
DA:734,0
DA:737,0
DA:738,0
DA:739,0
DA:743,0
DA:746,0
DA:747,0
DA:748,0
DA:749,0
DA:751,0
DA:752,0
DA:753,0
DA:754,0
DA:755,0
DA:758,0
DA:759,0
DA:760,0
DA:764,0
DA:767,1
DA:768,2
DA:769,0
DA:770,3
DA:772,2
DA:773,0
DA:774,0
DA:775,0
DA:776,0
DA:779,1
DA:780,3
DA:781,2
DA:785,1
DA:788,0
DA:789,0
DA:790,0
DA:791,0
DA:792,0
DA:794,0
DA:795,0
DA:796,0
DA:797,0
DA:798,0
DA:799,0
DA:800,0
DA:807,0
DA:808,0
DA:809,0
DA:810,0
DA:811,0
DA:812,0
DA:813,0
DA:814,0
DA:821,0
DA:823,0
DA:824,0
DA:825,0
DA:828,0
DA:829,0
DA:830,0
DA:837,1
DA:838,2
DA:839,1
DA:840,1
DA:841,1
DA:842,1
DA:843,2
DA:844,1
DA:845,1
DA:850,1
DA:851,1
DA:852,1
DA:853,2
DA:859,1
DA:861,1
DA:862,3
DA:863,1
DA:864,1
DA:865,1
DA:867,1
DA:868,2
DA:869,0
DA:872,2
DA:873,1
DA:874,1
DA:875,2
DA:876,1
DA:886,2
DA:913,2
DA:935,2
DA:937,2
DA:938,2
DA:939,2
DA:940,2
DA:941,2
DA:942,2
DA:943,2
DA:944,2
DA:945,2
DA:946,2
DA:947,2
DA:948,2
DA:949,2
DA:950,2
DA:951,2
DA:952,2
DA:953,2
DA:954,2
DA:955,2
DA:956,2
DA:962,2
DA:973,0
DA:980,0
DA:982,0
DA:983,0
DA:984,0
DA:985,0
DA:986,0
DA:987,0
DA:989,0
DA:999,0
DA:1000,0
DA:1003,1
DA:1005,1
DA:1006,2
DA:1007,2
DA:1014,0
DA:1015,0
DA:1016,0
DA:1017,0
DA:1018,0
DA:1019,0
DA:1020,0
DA:1024,0
DA:1025,0
DA:1026,0
DA:1027,0
DA:1028,0
DA:1029,0
DA:1030,0
DA:1034,0
DA:1035,0
DA:1036,0
DA:1037,0
DA:1038,0
DA:1039,0
DA:1041,0
DA:1045,0
DA:1046,0
DA:1048,0
DA:1053,0
DA:1054,0
DA:1060,0
DA:1061,0
DA:1062,0
DA:1063,0
DA:1064,0
DA:1065,0
DA:1067,0
DA:1071,0
DA:1072,0
DA:1074,0
DA:1080,0
DA:1081,0
DA:1087,0
DA:1088,0
DA:1089,0
DA:1090,0
DA:1091,0
DA:1092,0
DA:1094,0
DA:1098,0
DA:1099,0
DA:1101,0
DA:1106,0
DA:1107,0
DA:1113,0
DA:1114,0
DA:1115,0
DA:1116,0
DA:1117,0
DA:1118,0
DA:1120,0
DA:1124,0
DA:1125,0
DA:1127,0
DA:1132,0
DA:1133,0
LF:439
LH:98
end_of_record
SF:lib\data\datasources\mock\default_exercises.dart
DA:8,0
DA:10,0
DA:11,0
DA:12,0
DA:21,0
DA:23,0
DA:24,0
DA:25,0
DA:33,3
DA:37,1
DA:42,1
DA:50,1
DA:55,1
DA:63,1
DA:68,1
DA:80,1
DA:85,1
DA:93,1
DA:98,1
DA:106,1
DA:111,1
DA:119,1
DA:124,1
DA:132,1
DA:137,1
DA:149,1
DA:154,1
DA:162,1
DA:167,1
DA:175,1
DA:180,1
DA:192,1
DA:197,1
DA:205,1
DA:210,1
DA:218,1
DA:223,1
DA:231,1
DA:236,1
DA:248,1
DA:253,1
DA:261,1
DA:266,1
DA:274,1
DA:279,1
DA:287,1
DA:292,1
DA:300,1
DA:305,1
DA:313,1
DA:318,1
DA:326,1
DA:331,1
DA:339,1
DA:344,1
DA:356,1
DA:361,1
DA:369,1
DA:374,1
DA:382,1
DA:387,1
DA:399,1
DA:404,1
DA:411,1
DA:416,1
DA:423,1
DA:428,1
DA:435,1
DA:440,1
DA:451,1
DA:456,1
DA:464,1
DA:469,1
DA:477,1
DA:482,1
DA:493,1
DA:498,1
DA:505,1
DA:510,1
DA:522,1
DA:527,1
DA:535,1
DA:540,1
DA:547,1
DA:552,1
DA:564,1
DA:569,1
DA:577,1
DA:582,1
DA:590,1
DA:595,1
LF:91
LH:83
end_of_record
SF:lib\models\workout_session_models.dart
DA:21,0
DA:33,1
DA:42,1
DA:45,0
DA:46,0
DA:47,0
DA:51,0
DA:54,2
DA:57,0
DA:60,0
DA:61,0
DA:64,0
DA:65,0
DA:66,0
DA:70,0
DA:71,0
DA:74,0
DA:75,0
DA:78,0
DA:80,0
DA:81,0
DA:85,0
DA:96,0
DA:97,0
DA:98,0
DA:99,0
DA:100,0
DA:101,0
DA:102,0
DA:103,0
DA:104,0
DA:105,0
DA:110,0
DA:111,0
DA:112,0
DA:113,0
DA:114,0
DA:115,0
DA:116,0
DA:117,0
DA:118,0
DA:119,0
DA:120,0
DA:122,0
DA:123,0
DA:124,0
DA:125,0
DA:130,0
DA:131,0
DA:132,0
DA:133,0
DA:134,0
DA:135,0
DA:136,0
DA:137,0
DA:138,0
DA:139,0
DA:140,0
DA:144,0
DA:147,0
DA:148,0
DA:149,0
DA:151,0
DA:152,0
DA:154,0
DA:156,0
DA:157,0
DA:161,0
DA:162,0
DA:165,0
DA:166,0
DA:167,0
DA:168,0
DA:169,0
DA:170,0
DA:171,0
DA:172,0
DA:173,0
DA:176,0
DA:177,0
DA:181,0
LF:81
LH:3
end_of_record
SF:lib\models\program_models.dart
DA:25,0
DA:36,2
DA:45,1
DA:54,1
DA:63,1
DA:72,1
DA:73,1
DA:74,1
DA:75,3
DA:76,4
DA:77,1
DA:79,1
DA:80,2
DA:81,3
DA:83,0
DA:84,0
DA:85,0
DA:87,0
DA:93,1
DA:94,1
DA:95,1
DA:96,2
DA:97,1
DA:99,0
DA:100,0
DA:101,0
DA:102,0
DA:103,0
DA:105,0
DA:106,0
DA:107,0
DA:108,0
DA:110,0
DA:116,1
DA:117,1
DA:119,1
DA:120,1
DA:121,1
DA:124,1
DA:125,1
DA:128,0
DA:129,0
DA:132,0
DA:133,0
DA:140,1
DA:142,3
DA:145,1
DA:146,1
DA:147,3
DA:148,1
DA:150,1
DA:154,1
DA:156,2
DA:160,3
DA:162,1
DA:163,1
DA:164,2
DA:165,1
DA:168,1
DA:169,2
DA:173,0
DA:175,0
DA:178,0
DA:179,0
DA:180,0
DA:181,0
DA:185,0
DA:191,1
DA:193,1
DA:195,1
DA:197,1
DA:199,1
DA:201,1
DA:203,0
DA:205,0
DA:213,0
DA:221,0
DA:222,0
DA:223,0
DA:224,0
DA:225,0
DA:226,0
DA:227,0
DA:232,0
DA:233,0
DA:234,0
DA:235,0
DA:238,0
DA:240,0
DA:241,0
DA:243,0
DA:244,0
DA:245,0
DA:246,0
DA:251,0
DA:252,0
DA:253,0
DA:254,0
DA:255,0
DA:256,0
DA:257,0
DA:258,0
DA:262,0
DA:265,0
DA:266,0
DA:267,0
DA:268,0
DA:269,0
DA:270,0
DA:271,0
DA:273,0
DA:274,0
DA:275,0
DA:276,0
DA:277,0
DA:278,0
DA:279,0
DA:280,0
DA:283,0
DA:285,0
DA:288,0
DA:290,0
DA:291,0
DA:292,0
DA:336,2
DA:351,2
DA:361,2
DA:362,2
DA:365,2
DA:366,2
DA:367,10
DA:371,2
DA:372,2
DA:374,4
DA:378,1
DA:379,2
DA:380,1
DA:381,1
DA:385,2
DA:387,2
DA:388,6
DA:392,2
DA:393,4
DA:397,2
DA:398,2
DA:402,0
DA:403,0
DA:404,0
DA:409,0
DA:412,0
DA:414,0
DA:415,0
DA:416,0
DA:420,3
DA:423,1
DA:424,5
DA:427,1
DA:428,2
DA:429,3
DA:433,0
DA:434,0
DA:435,0
DA:436,0
DA:437,0
DA:438,0
DA:446,0
DA:447,0
DA:448,0
DA:449,0
DA:450,0
DA:451,0
DA:459,0
DA:460,0
DA:461,0
DA:462,0
DA:463,0
DA:471,1
DA:472,1
DA:473,1
DA:474,1
DA:475,0
DA:476,0
DA:477,1
DA:481,0
DA:482,0
DA:483,0
DA:484,0
DA:485,0
DA:486,0
DA:487,0
DA:491,1
DA:492,1
DA:495,4
DA:498,1
DA:502,3
DA:505,2
DA:506,3
DA:507,3
DA:508,3
DA:512,0
DA:513,0
DA:514,0
DA:519,0
DA:520,0
DA:521,0
DA:522,0
DA:523,0
DA:528,0
DA:529,0
DA:530,0
DA:531,0
DA:532,0
DA:533,0
DA:537,1
DA:541,1
DA:543,1
DA:545,2
DA:550,3
DA:553,2
DA:556,2
DA:557,0
DA:558,0
DA:559,0
DA:563,1
DA:564,1
DA:567,3
DA:569,1
DA:572,1
DA:574,1
DA:579,2
DA:580,2
DA:581,2
DA:582,1
DA:584,1
DA:585,1
DA:588,1
DA:595,2
DA:596,2
DA:600,2
DA:601,2
DA:604,2
DA:609,2
DA:622,2
DA:623,2
DA:624,2
DA:625,2
DA:626,2
DA:627,2
DA:628,1
DA:629,2
DA:630,2
DA:631,2
DA:632,2
DA:633,2
DA:636,2
DA:637,0
DA:643,0
DA:644,0
DA:645,0
DA:646,0
DA:647,0
DA:648,0
DA:649,0
DA:650,0
DA:651,0
DA:652,0
DA:653,0
DA:654,0
DA:655,0
DA:656,0
DA:657,0
DA:658,0
DA:660,0
DA:661,0
DA:666,0
DA:667,0
DA:668,0
DA:669,0
DA:670,0
DA:671,0
DA:672,0
DA:673,0
DA:674,0
DA:676,0
DA:677,0
DA:678,0
DA:679,0
DA:683,2
DA:686,2
DA:687,6
DA:688,6
DA:690,0
DA:691,0
DA:693,0
DA:695,0
DA:696,0
DA:697,0
DA:719,2
DA:736,2
DA:748,2
DA:749,2
DA:752,1
DA:753,5
DA:754,1
DA:755,3
DA:763,2
DA:764,4
DA:765,2
DA:766,6
DA:767,6
DA:772,6
DA:775,2
DA:776,8
DA:777,4
DA:781,2
DA:782,10
DA:785,1
DA:786,6
DA:790,2
DA:791,10
DA:794,0
DA:795,0
DA:798,2
DA:800,0
DA:802,6
DA:803,2
DA:804,0
DA:807,2
DA:808,4
DA:813,2
DA:814,2
DA:815,6
DA:816,2
DA:818,2
DA:819,6
DA:820,2
DA:824,2
DA:825,2
DA:826,2
DA:828,6
DA:829,4
DA:830,6
DA:831,2
DA:834,2
DA:836,2
DA:841,2
DA:843,6
DA:844,0
DA:847,6
DA:848,4
DA:853,2
DA:861,2
DA:862,2
DA:865,2
DA:866,2
DA:867,2
DA:870,2
DA:874,2
DA:878,0
DA:879,0
DA:880,0
DA:885,2
DA:886,6
DA:887,6
DA:888,2
DA:890,4
DA:895,2
DA:896,2
DA:897,4
DA:898,6
DA:899,0
DA:903,2
DA:904,0
DA:906,5
DA:907,2
DA:911,3
DA:912,2
DA:913,1
DA:914,0
DA:915,0
DA:918,1
DA:920,0
DA:924,1
DA:925,1
DA:929,2
DA:930,2
DA:932,4
DA:933,2
DA:937,2
DA:943,2
DA:944,2
DA:953,2
DA:954,2
DA:958,2
DA:959,2
DA:963,1
DA:964,2
DA:968,1
DA:969,2
DA:973,2
DA:976,0
DA:977,0
DA:979,0
DA:980,0
DA:983,0
DA:984,0
DA:989,1
DA:990,3
DA:991,2
DA:995,0
DA:996,0
DA:997,0
DA:1000,0
DA:1004,0
DA:1005,0
DA:1006,0
DA:1010,0
DA:1011,0
DA:1012,0
DA:1019,0
DA:1020,0
DA:1021,0
DA:1025,2
DA:1040,2
DA:1041,2
DA:1042,2
DA:1043,2
DA:1044,2
DA:1045,2
DA:1046,2
DA:1047,2
DA:1048,2
DA:1049,2
DA:1050,2
DA:1051,2
DA:1052,2
DA:1053,0
DA:1058,0
DA:1059,0
DA:1060,0
DA:1061,0
DA:1062,0
DA:1063,0
DA:1064,0
DA:1065,0
DA:1067,0
DA:1068,0
DA:1069,0
DA:1071,0
DA:1072,0
DA:1074,0
DA:1075,0
DA:1076,0
DA:1077,0
DA:1078,0
DA:1079,0
DA:1080,0
DA:1081,0
DA:1082,0
DA:1083,0
DA:1084,0
DA:1089,0
DA:1090,0
DA:1091,0
DA:1092,0
DA:1093,0
DA:1094,0
DA:1095,0
DA:1096,0
DA:1097,0
DA:1098,0
DA:1099,0
DA:1100,0
DA:1101,0
DA:1102,0
DA:1103,0
DA:1107,0
DA:1110,0
DA:1112,0
DA:1113,0
DA:1115,0
DA:1117,0
DA:1118,0
DA:1119,0
LF:484
LH:238
end_of_record
SF:lib\examples\periodicity_examples.dart
DA:8,1
DA:9,1
DA:20,1
DA:21,1
DA:32,1
DA:33,1
DA:43,1
DA:44,1
DA:45,1
DA:46,1
DA:49,1
DA:56,1
DA:57,1
DA:59,1
DA:60,3
DA:61,3
DA:62,3
DA:66,4
DA:67,1
DA:68,2
DA:69,1
DA:70,7
DA:75,1
DA:76,1
DA:79,1
DA:80,2
DA:81,2
DA:85,1
DA:86,1
DA:87,1
DA:89,3
DA:90,3
DA:91,1
DA:92,2
DA:93,1
DA:94,2
DA:95,1
DA:96,2
DA:100,1
DA:101,1
DA:115,1
DA:116,1
DA:119,1
DA:120,3
DA:121,3
DA:122,4
DA:125,1
DA:126,1
DA:128,1
DA:134,1
DA:135,3
DA:136,1
DA:137,3
DA:140,1
DA:141,1
DA:143,1
DA:144,3
DA:145,3
DA:147,4
DA:148,2
DA:149,3
DA:150,1
DA:151,7
DA:155,1
DA:156,4
DA:157,1
DA:158,2
DA:161,1
DA:164,1
DA:165,2
DA:169,1
DA:170,3
DA:171,3
DA:174,1
DA:175,3
DA:179,1
DA:181,2
DA:185,0
DA:186,0
DA:188,0
DA:189,0
DA:191,0
DA:192,0
DA:194,0
DA:195,0
DA:197,0
DA:199,0
DA:203,1
DA:204,1
DA:206,1
DA:207,1
DA:210,1
DA:213,1
DA:215,1
DA:219,1
DA:222,1
DA:223,1
DA:224,1
DA:226,2
DA:230,1
DA:231,1
DA:232,1
DA:235,1
DA:237,0
DA:241,1
DA:242,4
DA:243,3
DA:245,1
DA:246,3
DA:249,1
DA:253,1
DA:254,1
DA:257,1
DA:258,3
DA:260,0
DA:264,1
DA:265,1
DA:266,2
DA:269,1
DA:270,2
DA:271,2
DA:272,3
DA:273,3
DA:274,3
LF:124
LH:112
end_of_record
SF:lib\examples\program_cycle_examples.dart
DA:8,0
DA:9,0
DA:11,0
DA:12,0
DA:14,0
DA:15,0
DA:17,0
DA:18,0
DA:20,0
DA:21,0
DA:23,0
DA:24,0
DA:26,0
DA:27,0
DA:29,0
DA:30,0
DA:34,1
DA:36,1
DA:45,3
DA:46,3
DA:49,1
DA:50,1
DA:51,2
DA:55,4
DA:56,1
DA:57,3
DA:60,1
DA:61,1
DA:63,1
DA:64,1
DA:65,3
DA:68,1
DA:69,1
DA:70,3
DA:73,1
DA:74,2
DA:75,2
DA:79,3
DA:80,4
DA:81,4
DA:82,1
DA:83,2
DA:87,1
DA:92,1
DA:95,1
DA:96,2
DA:101,3
DA:102,3
DA:103,3
DA:106,1
DA:108,3
DA:109,1
DA:110,4
DA:113,1
DA:114,3
DA:115,3
DA:119,1
DA:121,1
DA:130,1
DA:131,1
DA:132,1
DA:136,1
DA:137,1
DA:138,1
DA:142,1
DA:143,1
DA:144,1
DA:149,3
DA:150,3
DA:151,1
DA:152,1
DA:155,4
DA:156,3
DA:157,4
DA:158,3
DA:159,1
DA:160,3
DA:161,3
DA:164,2
DA:165,1
DA:166,1
DA:167,3
DA:171,1
DA:173,1
DA:180,1
DA:183,3
DA:184,1
DA:185,2
DA:186,3
DA:189,1
DA:192,1
DA:193,1
DA:194,1
DA:199,1
DA:200,1
DA:201,1
DA:206,1
DA:207,1
DA:208,1
DA:212,1
DA:213,4
DA:216,4
DA:217,2
DA:218,1
DA:219,1
DA:221,1
DA:222,3
DA:223,3
DA:224,3
DA:228,1
DA:229,3
DA:230,1
DA:231,3
DA:232,1
DA:236,1
DA:237,1
DA:240,1
DA:247,1
DA:250,3
DA:252,1
DA:255,1
DA:256,1
DA:257,1
DA:261,3
DA:262,1
DA:263,3
DA:266,1
DA:267,1
DA:268,1
DA:272,1
DA:273,4
DA:274,3
DA:275,1
DA:276,3
DA:279,1
DA:280,1
DA:284,1
DA:286,1
DA:287,3
DA:288,4
DA:289,1
DA:290,2
DA:293,1
DA:294,1
DA:295,1
DA:299,1
DA:300,3
DA:301,1
DA:302,2
DA:305,2
DA:308,2
DA:309,0
DA:310,0
DA:311,0
DA:313,2
DA:314,1
DA:318,1
DA:319,3
DA:320,3
DA:324,1
DA:325,1
DA:327,1
DA:334,1
DA:335,1
DA:336,1
DA:339,1
DA:341,1
DA:345,1
DA:347,1
DA:351,1
DA:352,4
DA:353,3
DA:356,1
DA:357,3
DA:359,2
DA:360,1
DA:361,4
DA:365,2
DA:367,2
DA:369,2
DA:373,1
DA:374,1
DA:375,2
DA:378,1
DA:379,1
DA:380,1
DA:382,2
DA:386,1
DA:387,1
DA:389,1
DA:396,1
DA:399,1
DA:401,1
DA:405,1
DA:406,2
DA:409,1
DA:410,1
DA:412,1
DA:413,1
DA:416,1
DA:418,1
DA:419,1
DA:422,1
DA:424,1
DA:425,1
DA:428,1
DA:430,1
DA:431,1
DA:436,2
DA:437,1
DA:438,1
DA:439,1
DA:440,1
DA:443,1
DA:444,1
DA:445,1
DA:449,1
DA:454,1
DA:457,0
DA:460,5
DA:463,0
DA:466,1
DA:469,4
LF:223
LH:202
end_of_record
SF:lib\widgets\set_input_widget.dart
DA:22,1
DA:31,1
DA:32,1
DA:41,1
DA:43,1
DA:44,1
DA:47,1
DA:49,2
DA:50,2
DA:51,2
DA:52,1
DA:55,1
DA:57,3
DA:58,2
DA:60,0
DA:65,3
DA:66,2
DA:67,0
DA:71,5
DA:74,0
DA:76,0
DA:79,0
DA:80,0
DA:85,0
DA:86,0
DA:87,0
DA:90,0
DA:91,0
DA:94,0
DA:95,0
DA:96,0
DA:97,0
DA:101,0
DA:103,0
DA:104,0
DA:105,0
DA:108,0
DA:109,0
DA:112,1
DA:113,3
DA:114,4
DA:115,4
DA:116,4
DA:118,3
DA:121,3
DA:124,0
DA:125,0
DA:126,0
DA:129,0
DA:133,0
DA:135,0
DA:137,0
DA:140,0
DA:141,0
DA:142,0
DA:143,0
DA:144,0
DA:146,0
DA:147,0
DA:150,0
DA:152,0
DA:153,0
DA:156,0
DA:157,0
DA:158,0
DA:159,0
DA:161,0
DA:162,0
DA:166,0
DA:167,0
DA:168,0
DA:169,0
DA:171,0
DA:172,0
DA:173,0
DA:185,1
DA:187,3
DA:188,2
DA:190,1
DA:192,1
DA:194,0
DA:195,1
DA:196,1
DA:197,1
DA:199,0
DA:200,1
DA:204,1
DA:205,1
DA:206,1
DA:207,1
DA:209,1
DA:211,1
DA:212,1
DA:213,3
DA:214,1
DA:216,0
DA:217,1
DA:225,1
DA:227,1
DA:230,1
DA:231,1
DA:235,1
DA:236,2
DA:239,3
DA:240,1
DA:241,5
DA:250,1
DA:252,1
DA:255,1
DA:256,1
DA:259,1
DA:260,1
DA:263,4
DA:269,1
DA:271,1
DA:272,3
DA:273,2
DA:274,0
DA:276,1
DA:282,1
DA:286,1
DA:288,0
DA:289,1
DA:293,0
DA:294,0
DA:295,0
DA:296,0
DA:304,0
DA:306,0
DA:309,1
DA:313,1
DA:314,1
DA:315,1
DA:316,1
DA:330,7
DA:332,1
DA:336,1
DA:337,4
DA:338,3
DA:340,1
DA:341,4
DA:342,1
DA:344,1
DA:346,1
DA:347,1
DA:349,1
DA:353,1
DA:355,1
DA:356,1
DA:369,1
DA:377,1
DA:383,0
DA:384,1
DA:385,0
DA:392,1
DA:393,1
DA:394,1
DA:395,2
DA:397,0
DA:398,1
DA:399,2
DA:402,5
DA:403,1
DA:404,1
DA:406,2
DA:409,0
LF:166
LH:100
end_of_record
SF:lib\core\theme\app_theme.dart
DA:9,1
DA:10,1
DA:15,1
DA:16,1
DA:17,1
DA:18,1
DA:19,1
DA:21,1
DA:24,1
DA:25,1
DA:26,1
DA:27,1
DA:28,1
DA:32,0
DA:33,0
DA:38,0
DA:39,0
DA:40,0
DA:41,0
DA:42,0
DA:44,0
DA:47,0
DA:48,0
DA:49,0
DA:50,0
DA:51,0
DA:135,2
DA:136,1
DA:137,1
DA:140,1
DA:141,1
DA:148,2
DA:149,1
DA:150,1
DA:153,1
DA:154,1
DA:161,3
DA:162,1
DA:165,1
DA:166,1
DA:173,2
DA:174,1
DA:181,1
DA:182,1
DA:185,1
DA:186,1
DA:189,1
DA:190,1
DA:193,1
DA:194,1
DA:198,1
DA:199,1
DA:202,0
DA:203,0
DA:210,0
DA:211,0
DA:212,0
DA:214,0
DA:215,0
DA:216,0
DA:218,0
DA:219,0
DA:222,0
DA:223,0
DA:226,0
DA:227,0
DA:231,3
DA:234,1
DA:235,1
DA:236,1
DA:237,1
DA:242,0
DA:245,0
DA:246,0
DA:247,0
DA:263,3
DA:265,1
DA:266,1
DA:268,1
DA:295,3
DA:300,1
DA:301,1
DA:305,0
DA:309,0
DA:310,0
DA:311,0
DA:315,3
DA:316,1
DA:317,0
DA:324,3
DA:325,1
DA:326,0
DA:333,3
DA:334,1
DA:335,0
DA:342,3
DA:346,1
LF:97
LH:59
end_of_record
SF:lib\core\theme\theme_provider.dart
DA:9,0
DA:10,0
DA:11,0
DA:18,0
DA:21,0
DA:22,0
DA:24,0
DA:26,0
DA:35,0
DA:36,0
DA:37,0
DA:41,0
DA:42,0
DA:43,0
DA:47,0
DA:50,0
DA:53,0
DA:56,0
DA:58,0
DA:60,0
DA:62,0
DA:71,2
DA:72,1
DA:73,0
DA:79,0
DA:80,0
DA:82,0
DA:84,0
DA:86,0
DA:103,0
DA:105,0
DA:107,0
DA:109,0
LF:33
LH:2
end_of_record
SF:lib\screens\login_screen.dart
DA:18,1
DA:20,1
DA:21,1
DA:36,1
DA:38,1
DA:39,2
DA:44,3
DA:45,1
DA:46,1
DA:51,4
DA:52,1
DA:53,1
DA:59,2
DA:62,1
DA:64,2
DA:65,2
DA:66,2
DA:67,1
DA:71,0
DA:72,0
DA:73,0
DA:76,0
DA:79,0
DA:80,0
DA:81,0
DA:82,0
DA:86,0
DA:90,0
DA:92,0
DA:93,0
DA:97,0
DA:99,0
DA:100,0
DA:103,0
DA:105,0
DA:106,0
DA:109,0
DA:111,0
DA:112,0
DA:115,1
DA:117,1
DA:118,1
DA:119,1
DA:120,1
DA:123,1
DA:124,0
DA:125,0
DA:126,0
DA:128,1
DA:129,1
DA:130,1
DA:134,1
DA:135,1
DA:137,1
DA:139,1
DA:143,1
DA:144,1
DA:145,1
DA:146,1
DA:147,2
DA:148,1
DA:149,2
DA:154,1
DA:155,1
DA:156,1
DA:158,1
DA:160,1
DA:161,1
DA:165,1
DA:167,1
DA:168,1
DA:178,1
DA:179,1
DA:180,1
DA:181,1
DA:182,1
DA:184,1
DA:185,1
DA:188,1
DA:190,1
DA:192,0
DA:193,0
DA:196,0
DA:206,1
DA:208,1
DA:209,1
DA:211,1
DA:212,1
DA:214,1
DA:216,1
DA:217,1
DA:218,1
DA:221,1
DA:223,0
DA:224,0
DA:225,0
DA:229,0
DA:230,0
DA:233,0
DA:244,1
DA:246,1
DA:248,1
DA:251,0
DA:252,0
DA:264,1
DA:266,1
DA:269,1
DA:271,1
DA:272,1
DA:284,1
DA:286,1
DA:287,1
DA:288,3
DA:289,1
DA:292,1
DA:294,1
DA:295,1
DA:299,3
DA:307,1
DA:308,1
DA:309,1
DA:311,1
DA:312,1
DA:314,0
DA:318,1
DA:322,1
DA:324,1
DA:325,1
DA:327,0
DA:331,1
DA:335,1
DA:337,1
DA:339,1
DA:343,1
DA:352,1
DA:354,1
DA:356,1
DA:357,1
DA:359,1
DA:360,1
DA:363,1
DA:366,0
DA:367,0
DA:384,1
DA:385,1
DA:393,1
DA:395,1
DA:396,2
DA:401,3
DA:402,2
DA:405,2
DA:408,1
DA:410,2
DA:411,1
DA:414,1
DA:416,1
DA:417,1
DA:418,1
DA:419,1
DA:422,1
DA:423,1
DA:429,1
DA:430,1
DA:431,1
DA:432,2
DA:433,4
DA:435,4
DA:436,3
DA:440,1
DA:441,1
DA:460,1
DA:468,1
DA:470,1
DA:473,1
DA:474,1
DA:475,1
DA:476,1
DA:477,1
DA:478,1
DA:480,1
DA:484,1
DA:485,1
DA:486,1
DA:487,1
DA:489,1
DA:490,1
LF:186
LH:147
end_of_record
SF:lib\core\network\network_info.dart
DA:13,0
DA:23,0
DA:31,0
DA:39,1
DA:41,0
DA:42,0
DA:44,0
DA:45,0
LF:8
LH:1
end_of_record
SF:lib\core\providers\accessibility_provider.dart
DA:8,1
DA:12,1
DA:15,1
DA:16,0
DA:25,2
DA:26,1
DA:29,1
DA:30,1
DA:31,1
DA:32,3
DA:35,0
DA:36,0
DA:37,0
DA:38,0
DA:41,0
DA:42,0
DA:47,2
DA:48,2
DA:49,1
DA:53,4
DA:54,3
LF:21
LH:14
end_of_record
SF:lib\core\providers\api_provider.dart
DA:9,0
DA:10,0
DA:16,0
DA:17,0
LF:4
LH:0
end_of_record
SF:lib\services\api_service.dart
DA:15,0
DA:19,0
DA:20,0
DA:25,0
DA:28,0
DA:34,0
DA:37,0
DA:41,0
DA:44,0
DA:48,0
DA:51,0
DA:54,0
DA:60,0
DA:63,0
DA:64,0
DA:68,0
DA:71,0
DA:73,0
DA:75,0
DA:78,0
DA:81,0
DA:82,0
DA:89,0
DA:92,0
DA:93,0
DA:96,0
DA:98,0
LF:27
LH:0
end_of_record
SF:lib\core\providers\custom_theme_provider.dart
DA:12,0
DA:13,0
DA:19,0
DA:20,0
DA:21,0
DA:27,0
DA:28,0
DA:29,0
DA:32,0
DA:35,0
DA:39,0
DA:40,0
DA:41,0
DA:44,0
DA:47,0
DA:51,0
DA:52,0
DA:53,0
DA:54,0
DA:59,0
DA:61,0
DA:63,0
DA:65,0
DA:66,0
DA:67,0
DA:68,0
DA:71,0
DA:72,0
DA:73,0
DA:75,0
DA:76,0
DA:77,0
DA:78,0
DA:83,0
DA:84,0
DA:85,0
DA:86,0
DA:91,0
DA:92,0
DA:93,0
DA:94,0
DA:99,0
DA:100,0
DA:101,0
DA:102,0
DA:104,0
DA:105,0
DA:114,0
DA:115,0
DA:116,0
DA:119,0
DA:123,0
DA:125,0
DA:126,0
DA:130,0
DA:133,0
DA:139,0
DA:144,0
DA:146,0
DA:147,0
DA:151,0
DA:153,0
DA:154,0
DA:159,0
DA:160,0
DA:161,0
DA:162,0
DA:166,0
DA:167,0
DA:168,0
DA:172,0
DA:173,0
DA:174,0
DA:177,0
DA:178,0
DA:182,0
DA:189,0
DA:190,0
DA:191,0
DA:192,0
DA:194,0
DA:201,0
DA:202,0
DA:203,0
DA:207,0
DA:208,0
DA:209,0
DA:214,0
DA:215,0
DA:217,0
DA:218,0
DA:219,0
DA:220,0
LF:93
LH:0
end_of_record
SF:lib\data\repositories\theme_repository.dart
DA:47,0
DA:49,0
DA:51,0
DA:54,0
DA:56,0
DA:57,0
DA:58,0
DA:62,0
DA:64,0
DA:65,0
DA:68,0
DA:72,0
DA:74,0
DA:77,0
DA:80,0
DA:82,0
DA:86,0
DA:89,0
DA:93,0
DA:95,0
DA:101,0
DA:103,0
DA:104,0
DA:107,0
DA:110,0
DA:111,0
DA:114,0
DA:115,0
DA:118,0
DA:120,0
DA:121,0
DA:124,0
DA:125,0
DA:127,0
DA:128,0
DA:131,0
DA:132,0
DA:135,0
DA:137,0
DA:138,0
DA:141,0
DA:142,0
DA:143,0
DA:146,0
DA:147,0
DA:148,0
DA:152,0
DA:154,0
DA:157,0
DA:158,0
DA:159,0
DA:163,0
DA:165,0
DA:169,0
DA:170,0
DA:171,0
DA:172,0
LF:57
LH:0
end_of_record
SF:lib\models\custom_theme.dart
DA:27,0
DA:38,0
DA:43,0
DA:44,0
DA:49,0
DA:54,0
DA:60,0
DA:64,0
DA:65,0
DA:66,0
DA:67,0
DA:71,0
DA:72,0
DA:73,0
DA:74,0
DA:75,0
DA:76,0
DA:77,0
DA:78,0
DA:79,0
DA:80,0
DA:81,0
DA:82,0
DA:88,0
DA:89,0
DA:90,0
DA:91,0
DA:92,0
DA:93,0
DA:94,0
DA:95,0
DA:96,0
DA:101,0
DA:110,0
DA:111,0
DA:112,0
DA:113,0
DA:114,0
DA:115,0
DA:116,0
DA:117,0
DA:121,0
DA:124,0
DA:125,0
DA:126,0
DA:128,0
DA:129,0
DA:131,0
DA:133,0
DA:151,0
DA:159,0
DA:162,0
DA:165,0
DA:172,0
DA:173,0
DA:174,0
DA:175,0
DA:176,0
LF:58
LH:0
end_of_record
SF:lib\core\theme\color_utils.dart
DA:6,0
DA:9,0
DA:10,0
DA:11,0
DA:13,0
DA:14,0
DA:18,0
DA:19,0
DA:20,0
DA:22,0
DA:23,0
DA:27,0
DA:28,0
DA:30,0
DA:31,0
DA:35,0
DA:36,0
DA:38,0
DA:39,0
DA:43,0
DA:44,0
DA:48,0
DA:49,0
DA:53,0
DA:55,0
DA:57,0
DA:62,0
DA:63,0
DA:67,0
DA:68,0
DA:72,0
DA:77,0
DA:80,0
DA:81,0
DA:83,0
DA:84,0
DA:88,0
DA:89,0
DA:91,0
DA:92,0
DA:110,0
DA:112,0
DA:125,0
DA:144,0
DA:148,0
DA:149,0
DA:154,0
DA:155,0
DA:156,0
DA:157,0
DA:158,0
DA:159,0
DA:164,0
DA:166,0
DA:167,0
DA:171,0
DA:173,0
DA:174,0
DA:178,0
DA:179,0
DA:180,0
DA:181,0
DA:182,0
DA:187,0
DA:188,0
DA:189,0
DA:194,0
DA:199,0
DA:203,0
DA:204,0
DA:208,0
DA:210,0
DA:211,0
DA:213,0
DA:240,0
DA:242,0
DA:244,0
DA:246,0
DA:248,0
DA:254,0
DA:256,0
DA:258,0
DA:260,0
DA:262,0
DA:268,0
LF:85
LH:0
end_of_record
SF:lib\core\theme\preset_themes.dart
DA:7,0
DA:10,0
DA:18,0
DA:26,0
DA:34,0
DA:42,0
DA:50,0
DA:58,0
DA:59,0
DA:60,0
DA:61,0
DA:62,0
DA:63,0
DA:64,0
DA:68,0
DA:70,0
DA:77,0
LF:17
LH:0
end_of_record
SF:lib\core\providers\network_provider.dart
DA:9,0
DA:16,0
DA:17,0
DA:18,0
DA:22,0
DA:23,0
DA:24,0
LF:7
LH:0
end_of_record
SF:lib\core\providers\storage_provider.dart
DA:9,0
DA:10,0
DA:16,0
DA:17,0
DA:18,0
LF:5
LH:0
end_of_record
SF:lib\core\providers\settings_provider.dart
DA:8,0
DA:9,0
DA:10,0
DA:11,0
DA:18,0
DA:19,0
DA:20,0
DA:27,0
DA:28,0
DA:31,0
DA:32,0
DA:34,0
DA:35,0
DA:37,0
DA:41,0
DA:42,0
DA:44,0
DA:45,0
DA:47,0
DA:51,0
DA:52,0
DA:53,0
DA:58,0
DA:59,0
DA:62,0
DA:68,0
DA:69,0
DA:70,0
DA:74,0
DA:75,0
DA:76,0
LF:31
LH:0
end_of_record
SF:lib\core\providers\repository_providers.dart
DA:15,0
DA:16,0
DA:20,0
DA:21,0
DA:25,0
DA:26,0
DA:27,0
DA:60,0
DA:61,0
DA:97,0
DA:98,0
DA:99,0
DA:134,0
DA:135,0
DA:136,0
DA:145,0
DA:146,0
DA:147,0
DA:148,0
DA:159,0
DA:160,0
DA:161,0
DA:162,0
DA:163,0
DA:189,0
DA:190,0
DA:191,0
DA:200,0
DA:201,0
DA:202,0
DA:203,0
DA:214,0
DA:215,0
DA:216,0
DA:217,0
DA:218,0
DA:227,0
DA:228,0
DA:229,0
DA:230,0
LF:40
LH:0
end_of_record
SF:lib\core\providers\workout_provider.dart
DA:64,0
DA:65,0
DA:66,0
DA:83,0
DA:84,0
DA:85,0
DA:86,0
DA:100,0
DA:101,0
DA:115,0
DA:116,0
DA:132,0
DA:133,0
DA:134,0
DA:135,0
DA:175,0
DA:176,0
DA:182,0
DA:183,0
DA:185,0
DA:186,0
DA:190,0
DA:191,0
DA:193,0
DA:196,0
DA:197,0
DA:202,0
DA:208,0
DA:210,0
DA:216,0
DA:217,0
DA:221,0
DA:222,0
DA:224,0
DA:225,0
DA:226,0
DA:230,0
DA:232,0
DA:238,0
DA:239,0
DA:241,0
DA:245,0
DA:246,0
DA:247,0
DA:251,0
DA:252,0
DA:254,0
DA:255,0
DA:260,0
DA:262,0
DA:268,0
DA:269,0
DA:271,0
DA:272,0
DA:277,0
DA:279,0
DA:285,0
DA:286,0
DA:288,0
DA:289,0
DA:290,0
DA:294,0
DA:296,0
DA:302,0
DA:303,0
DA:307,0
DA:310,0
DA:311,0
DA:314,0
DA:331,1
DA:337,0
DA:339,0
DA:344,0
DA:345,0
DA:346,0
LF:75
LH:1
end_of_record
SF:lib\data\repositories\program_repository.dart
DA:41,0
DA:50,0
DA:51,0
DA:52,0
DA:53,0
DA:60,0
DA:64,0
DA:75,0
DA:77,0
DA:78,0
DA:82,0
DA:83,0
DA:85,0
DA:86,0
DA:93,0
DA:95,0
DA:98,0
DA:99,0
DA:105,0
DA:106,0
DA:107,0
DA:116,0
DA:119,0
DA:121,0
DA:122,0
DA:126,0
DA:127,0
DA:134,0
DA:136,0
DA:139,0
DA:140,0
DA:153,0
DA:155,0
DA:156,0
DA:160,0
DA:161,0
DA:164,0
DA:165,0
DA:170,0
DA:172,0
DA:173,0
DA:177,0
DA:178,0
DA:181,0
DA:182,0
DA:187,0
DA:189,0
DA:190,0
DA:194,0
DA:195,0
DA:198,0
DA:199,0
DA:204,0
DA:206,0
DA:207,0
DA:210,0
DA:211,0
DA:214,0
DA:217,0
DA:220,0
DA:221,0
DA:225,0
DA:227,0
DA:228,0
DA:231,0
DA:233,0
DA:234,0
DA:238,0
DA:239,0
DA:242,0
DA:244,0
DA:245,0
DA:249,0
DA:252,0
DA:255,0
DA:257,0
DA:258,0
DA:259,0
DA:261,0
DA:270,0
DA:273,0
DA:274,0
DA:277,0
DA:278,0
DA:279,0
DA:280,0
DA:290,0
DA:292,0
DA:294,0
DA:303,0
DA:306,0
DA:314,0
DA:317,0
DA:319,0
DA:328,0
DA:331,0
DA:345,0
DA:347,0
DA:349,0
LF:99
LH:0
end_of_record
SF:lib\data\datasources\local\program_local_datasource.dart
DA:22,0
DA:25,0
DA:27,0
DA:30,0
DA:32,0
DA:35,0
DA:37,0
DA:38,0
DA:39,0
DA:41,0
DA:44,0
DA:46,0
DA:47,0
DA:50,0
DA:52,0
DA:55,0
DA:57,0
DA:61,0
DA:66,0
DA:70,0
DA:76,0
DA:78,0
DA:81,0
DA:83,0
DA:86,0
DA:88,0
DA:91,0
DA:93,0
DA:96,0
DA:98,0
DA:101,0
DA:103,0
DA:106,0
DA:108,0
DA:111,0
DA:114,0
LF:36
LH:0
end_of_record
SF:lib\data\datasources\mock\mock_program_datasource.dart
DA:18,0
DA:21,0
DA:24,0
DA:25,0
DA:26,0
DA:27,0
DA:28,0
DA:32,0
DA:36,0
DA:40,0
DA:42,0
DA:44,0
DA:50,0
DA:52,0
DA:53,0
DA:56,0
DA:58,0
DA:59,0
DA:60,0
DA:61,0
DA:65,0
DA:67,0
DA:68,0
DA:71,0
DA:73,0
DA:74,0
DA:75,0
DA:76,0
DA:77,0
DA:79,0
DA:80,0
DA:84,0
DA:86,0
DA:87,0
DA:88,0
DA:89,0
DA:93,0
DA:94,0
DA:95,0
DA:99,0
DA:100,0
DA:101,0
DA:105,0
DA:106,0
DA:107,0
DA:108,0
DA:109,0
LF:47
LH:0
end_of_record
SF:lib\services\app_settings_service.dart
DA:12,0
DA:13,0
DA:17,0
DA:18,0
DA:22,0
DA:23,0
DA:27,0
DA:28,0
DA:32,0
DA:33,0
DA:37,0
DA:38,0
DA:42,0
DA:43,0
DA:47,0
DA:48,0
LF:16
LH:0
end_of_record
SF:lib\services\storage_service.dart
DA:16,0
DA:20,0
DA:23,0
DA:41,0
DA:44,0
DA:47,0
DA:50,0
DA:53,0
DA:56,0
DA:59,0
DA:62,0
DA:65,0
DA:68,0
DA:71,0
DA:79,0
DA:84,0
DA:87,0
DA:90,0
DA:93,0
DA:96,0
DA:99,0
DA:102,0
DA:105,0
DA:108,0
DA:111,0
DA:114,0
DA:117,0
DA:120,0
DA:126,0
DA:128,0
DA:133,0
DA:135,0
DA:138,0
DA:140,0
DA:143,0
DA:145,0
DA:148,0
DA:150,0
DA:153,0
DA:155,0
DA:158,0
DA:160,0
LF:42
LH:0
end_of_record
SF:lib\services\workout_service.dart
DA:67,0
DA:70,0
DA:73,0
DA:82,0
DA:83,0
DA:86,0
DA:87,0
DA:88,0
DA:91,0
DA:92,0
DA:93,0
DA:94,0
DA:95,0
DA:97,0
DA:106,0
DA:107,0
DA:109,0
DA:112,0
DA:113,0
DA:114,0
DA:121,0
DA:122,0
DA:123,0
DA:124,0
DA:126,0
DA:127,0
DA:138,0
DA:139,0
DA:140,0
DA:141,0
DA:142,0
DA:143,0
DA:144,0
DA:145,0
DA:146,0
DA:153,0
DA:154,0
DA:155,0
DA:156,0
DA:158,0
DA:161,0
DA:162,0
DA:163,0
DA:164,0
DA:165,0
DA:172,0
DA:173,0
DA:174,0
DA:175,0
DA:176,0
DA:177,0
DA:178,0
DA:179,0
DA:184,0
DA:185,0
DA:189,0
DA:190,0
DA:194,0
DA:195,0
DA:199,0
DA:200,0
DA:203,0
DA:204,0
DA:205,0
DA:206,0
DA:212,0
DA:213,0
DA:215,0
DA:216,0
DA:218,0
DA:219,0
DA:220,0
DA:231,0
DA:232,0
DA:233,0
DA:234,0
DA:235,0
DA:236,0
DA:242,0
DA:243,0
DA:244,0
DA:245,0
DA:249,0
DA:250,0
DA:252,0
DA:255,0
DA:256,0
DA:257,0
DA:262,0
DA:263,0
DA:264,0
DA:265,0
DA:269,0
DA:275,0
DA:277,0
DA:278,0
DA:280,0
DA:286,0
DA:288,0
DA:289,0
DA:291,0
DA:296,0
DA:297,0
DA:298,0
LF:104
LH:0
end_of_record
SF:lib\core\router\app_router.dart
DA:37,0
DA:41,0
DA:42,0
DA:45,0
DA:46,0
DA:47,0
DA:50,0
DA:52,0
DA:55,0
DA:56,0
DA:58,0
DA:59,0
DA:66,0
DA:67,0
DA:68,0
DA:69,0
DA:71,0
DA:73,0
DA:76,0
DA:77,0
DA:80,0
DA:81,0
DA:88,0
DA:91,0
DA:92,0
DA:95,0
DA:96,0
DA:100,0
DA:102,0
DA:105,0
DA:106,0
DA:107,0
DA:110,0
DA:111,0
DA:112,0
DA:115,0
DA:129,0
DA:132,0
DA:133,0
DA:136,0
DA:137,0
DA:144,0
DA:147,0
DA:148,0
DA:151,0
DA:152,0
DA:161,0
DA:164,0
DA:165,0
DA:166,0
DA:168,0
DA:169,0
DA:170,0
DA:173,0
DA:182,0
DA:183,0
DA:186,0
DA:187,0
DA:188,0
DA:191,0
DA:192,0
DA:193,0
DA:196,0
DA:206,0
DA:209,0
DA:210,0
DA:211,0
DA:214,0
DA:215,0
DA:216,0
DA:219,0
DA:229,0
DA:232,0
DA:233,0
DA:234,0
DA:235,0
DA:236,0
DA:237,0
DA:239,0
DA:240,0
DA:241,0
DA:244,0
DA:260,0
DA:261,0
DA:262,0
DA:263,0
DA:264,0
DA:266,0
DA:269,0
DA:271,0
DA:274,0
DA:275,0
DA:276,0
DA:279,0
DA:280,0
DA:294,0
DA:297,0
DA:300,0
DA:303,0
DA:306,0
DA:309,0
DA:312,0
DA:315,0
DA:318,0
DA:321,0
DA:324,0
DA:327,0
DA:329,0
DA:331,0
LF:109
LH:0
end_of_record
SF:lib\screens\home_screen.dart
DA:18,1
DA:20,0
DA:21,0
DA:25,0
DA:27,0
DA:29,0
DA:30,0
DA:35,0
DA:36,0
DA:37,0
DA:39,0
DA:47,0
DA:48,0
DA:49,0
DA:51,0
DA:58,0
DA:61,0
DA:62,0
DA:63,0
DA:65,0
DA:66,0
DA:67,0
DA:68,0
DA:70,0
DA:71,0
DA:74,0
DA:76,0
DA:77,0
DA:78,0
DA:80,0
DA:82,0
DA:83,0
DA:87,0
DA:88,0
DA:90,0
DA:92,0
DA:93,0
DA:98,0
DA:99,0
DA:101,0
DA:103,0
DA:105,0
DA:107,0
DA:108,0
DA:109,0
DA:110,0
DA:115,0
DA:117,0
DA:118,0
DA:119,0
DA:120,0
DA:128,0
DA:132,0
DA:135,0
DA:143,0
DA:145,0
DA:147,0
DA:148,0
DA:155,0
DA:162,0
DA:163,0
DA:165,0
DA:169,0
DA:170,0
DA:171,0
DA:175,0
DA:177,0
DA:181,0
DA:182,0
DA:183,0
DA:187,0
DA:189,0
DA:193,0
DA:194,0
DA:195,0
DA:200,0
DA:202,0
DA:206,0
DA:207,0
DA:208,0
DA:230,0
DA:235,0
DA:237,0
DA:239,0
DA:242,0
DA:243,0
DA:244,0
DA:247,0
DA:248,0
DA:250,0
DA:251,0
DA:252,0
DA:254,0
DA:258,0
DA:260,0
DA:261,0
DA:262,0
DA:266,0
DA:272,0
DA:273,0
DA:275,0
DA:276,0
DA:278,0
DA:279,0
DA:284,0
DA:288,0
DA:290,0
DA:291,0
DA:299,0
DA:302,0
DA:304,0
DA:305,0
DA:307,0
DA:310,0
DA:315,0
DA:335,0
DA:341,0
DA:343,0
DA:344,0
DA:345,0
DA:346,0
DA:347,0
DA:351,0
DA:352,0
DA:353,0
DA:358,0
DA:359,0
DA:360,0
DA:361,0
DA:371,1
DA:373,0
DA:375,0
DA:377,0
DA:378,0
DA:381,0
DA:382,0
DA:384,0
DA:385,0
DA:387,0
DA:408,0
DA:416,0
DA:418,0
DA:419,0
DA:420,0
DA:422,0
DA:425,0
DA:426,0
DA:428,0
DA:429,0
DA:432,0
DA:433,0
DA:434,0
DA:439,0
DA:440,0
DA:441,0
DA:442,0
DA:449,0
DA:450,0
DA:451,0
DA:452,0
LF:160
LH:2
end_of_record
SF:lib\screens\programs_screen.dart
DA:18,1
DA:20,0
DA:21,0
DA:29,0
DA:31,0
DA:32,0
DA:35,0
DA:37,0
DA:38,0
DA:39,0
DA:42,0
DA:43,0
DA:45,0
DA:46,0
DA:47,0
DA:50,0
DA:51,0
DA:52,0
DA:57,0
DA:59,0
DA:60,0
DA:61,0
DA:62,0
DA:64,0
DA:65,0
DA:68,0
DA:70,0
DA:72,0
DA:73,0
DA:75,0
DA:77,0
DA:79,0
DA:81,0
DA:83,0
DA:84,0
DA:89,0
DA:91,0
DA:93,0
DA:94,0
DA:102,0
DA:104,0
DA:106,0
DA:107,0
DA:113,0
DA:114,0
DA:123,0
DA:124,0
DA:125,0
DA:127,0
DA:136,0
DA:137,0
DA:138,0
DA:139,0
DA:143,0
DA:144,0
DA:145,0
DA:149,0
DA:150,0
DA:151,0
DA:152,0
DA:154,0
DA:155,0
DA:156,0
DA:157,0
DA:158,0
DA:160,0
DA:162,0
DA:163,0
DA:169,0
DA:172,0
DA:173,0
DA:174,0
DA:176,0
DA:177,0
DA:181,0
DA:184,0
DA:185,0
DA:186,0
DA:187,0
DA:191,0
DA:198,0
DA:200,0
DA:201,0
DA:202,0
DA:205,0
DA:208,0
DA:211,0
DA:212,0
DA:216,0
DA:217,0
DA:226,0
DA:232,0
DA:234,0
DA:235,0
DA:236,0
DA:238,0
DA:240,0
DA:241,0
DA:242,0
DA:244,0
DA:245,0
DA:247,0
DA:249,0
DA:250,0
DA:251,0
DA:256,0
DA:257,0
DA:259,0
DA:260,0
DA:261,0
DA:262,0
DA:263,0
DA:267,0
DA:268,0
DA:269,0
DA:270,0
DA:271,0
DA:274,0
DA:275,0
DA:276,0
DA:277,0
DA:284,0
DA:287,0
DA:295,0
DA:296,0
DA:297,0
DA:298,0
DA:306,0
DA:307,0
DA:308,0
DA:309,0
DA:310,0
DA:311,0
DA:312,0
DA:313,0
DA:315,0
DA:324,0
DA:329,0
DA:331,0
DA:336,0
DA:337,0
DA:338,0
DA:339,0
DA:340,0
DA:344,0
DA:345,0
DA:346,0
DA:347,0
DA:358,0
DA:362,0
DA:364,0
DA:365,0
DA:366,0
DA:367,0
DA:368,0
DA:371,0
DA:372,0
DA:374,0
DA:375,0
DA:379,0
DA:380,0
DA:382,0
DA:388,0
DA:390,0
DA:391,0
DA:395,0
DA:397,0
DA:398,0
DA:403,0
DA:408,0
DA:409,0
DA:411,0
DA:413,0
DA:415,0
DA:416,0
LF:175
LH:1
end_of_record
SF:lib\screens\create_program_screen.dart
DA:11,1
DA:13,0
DA:14,0
DA:42,0
DA:44,0
DA:45,0
DA:48,0
DA:50,0
DA:51,0
DA:52,0
DA:53,0
DA:55,0
DA:56,0
DA:59,0
DA:61,0
DA:63,0
DA:64,0
DA:66,0
DA:69,0
DA:70,0
DA:71,0
DA:73,0
DA:74,0
DA:75,0
DA:76,0
DA:77,0
DA:78,0
DA:84,0
DA:90,0
DA:91,0
DA:93,0
DA:94,0
DA:95,0
DA:97,0
DA:98,0
DA:99,0
DA:100,0
DA:103,0
DA:105,0
DA:106,0
DA:107,0
DA:116,0
DA:117,0
DA:119,0
DA:121,0
DA:122,0
DA:124,0
DA:125,0
DA:129,0
DA:131,0
DA:132,0
DA:136,0
DA:139,0
DA:140,0
DA:141,0
DA:150,0
DA:151,0
DA:153,0
DA:155,0
DA:156,0
DA:158,0
DA:159,0
DA:163,0
DA:165,0
DA:166,0
DA:170,0
DA:176,0
DA:177,0
DA:179,0
DA:181,0
DA:182,0
DA:183,0
DA:184,0
DA:185,0
DA:188,0
DA:189,0
DA:190,0
DA:194,0
DA:197,0
DA:199,0
DA:200,0
DA:210,0
DA:211,0
DA:213,0
DA:215,0
DA:216,0
DA:218,0
DA:219,0
DA:223,0
DA:225,0
DA:226,0
DA:232,0
DA:233,0
DA:234,0
DA:235,0
DA:239,0
DA:240,0
DA:244,0
DA:245,0
DA:246,0
DA:254,0
DA:255,0
DA:256,0
DA:257,0
DA:261,0
DA:262,0
DA:266,0
DA:267,0
DA:268,0
DA:277,0
DA:278,0
DA:280,0
DA:282,0
DA:283,0
DA:285,0
DA:286,0
DA:290,0
DA:292,0
DA:293,0
DA:297,0
DA:303,0
DA:304,0
DA:306,0
DA:308,0
DA:309,0
DA:310,0
DA:311,0
DA:312,0
DA:315,0
DA:316,0
DA:317,0
DA:321,0
DA:324,0
DA:326,0
DA:327,0
DA:337,0
DA:338,0
DA:340,0
DA:342,0
DA:343,0
DA:345,0
DA:346,0
DA:350,0
DA:352,0
DA:353,0
DA:357,0
DA:358,0
DA:360,0
DA:361,0
DA:362,0
DA:363,0
DA:364,0
DA:365,0
DA:366,0
DA:367,0
DA:368,0
DA:377,0
DA:378,0
DA:380,0
DA:382,0
DA:383,0
DA:385,0
DA:387,0
DA:388,0
DA:393,0
DA:394,0
DA:396,0
DA:397,0
DA:406,0
DA:407,0
DA:409,0
DA:410,0
DA:411,0
DA:412,0
DA:413,0
DA:416,0
DA:419,0
DA:420,0
DA:421,0
DA:422,0
DA:423,0
DA:431,0
DA:432,0
DA:433,0
DA:434,0
DA:435,0
DA:436,0
DA:437,0
DA:438,0
DA:439,0
DA:446,0
DA:447,0
DA:448,0
DA:449,0
DA:451,0
DA:458,0
DA:459,0
DA:460,0
DA:461,0
DA:463,0
DA:469,0
DA:473,0
DA:474,0
DA:475,0
DA:476,0
LF:205
LH:1
end_of_record
SF:lib\screens\workout_screen.dart
DA:36,1
DA:41,0
DA:42,0
DA:49,0
DA:51,0
DA:53,0
DA:54,0
DA:55,0
DA:56,0
DA:57,0
DA:62,0
DA:64,0
DA:65,0
DA:68,0
DA:70,0
DA:71,0
DA:72,0
DA:73,0
DA:74,0
DA:76,0
DA:78,0
DA:79,0
DA:83,0
DA:84,0
DA:86,0
DA:89,0
DA:90,0
DA:91,0
DA:94,0
DA:95,0
DA:96,0
DA:97,0
DA:98,0
DA:100,0
DA:101,0
DA:104,0
DA:106,0
DA:107,0
DA:110,0
DA:111,0
DA:112,0
DA:113,0
DA:115,0
DA:116,0
DA:120,0
DA:121,0
DA:122,0
DA:125,0
DA:126,0
DA:129,0
DA:130,0
DA:133,0
DA:134,0
DA:136,0
DA:137,0
DA:139,0
DA:140,0
DA:143,0
DA:144,0
DA:145,0
DA:158,0
DA:159,0
DA:160,0
DA:162,0
DA:163,0
DA:164,0
DA:165,0
DA:167,0
DA:168,0
DA:171,0
DA:174,0
DA:175,0
DA:178,0
DA:179,0
DA:180,0
DA:183,0
DA:184,0
DA:185,0
DA:186,0
DA:187,0
DA:198,0
DA:199,0
DA:201,0
DA:202,0
DA:205,0
DA:206,0
DA:207,0
DA:208,0
DA:209,0
DA:210,0
DA:215,0
DA:216,0
DA:217,0
DA:219,0
DA:220,0
DA:221,0
DA:228,0
DA:229,0
DA:231,0
DA:232,0
DA:233,0
DA:234,0
DA:236,0
DA:237,0
DA:240,0
DA:241,0
DA:242,0
DA:243,0
DA:246,0
DA:247,0
DA:248,0
DA:249,0
DA:251,0
DA:252,0
DA:256,0
DA:257,0
DA:258,0
DA:259,0
DA:260,0
DA:261,0
DA:263,0
DA:267,0
DA:268,0
DA:269,0
DA:271,0
DA:272,0
DA:273,0
DA:276,0
DA:277,0
DA:278,0
DA:290,0
DA:291,0
DA:293,0
DA:294,0
DA:297,0
DA:298,0
DA:299,0
DA:300,0
DA:301,0
DA:302,0
DA:307,0
DA:308,0
DA:309,0
DA:311,0
DA:312,0
DA:313,0
DA:317,0
DA:322,0
DA:323,0
DA:324,0
DA:325,0
DA:326,0
DA:327,0
DA:328,0
DA:330,0
DA:335,0
DA:337,0
DA:338,0
DA:342,0
DA:348,0
DA:349,0
DA:354,0
DA:355,0
DA:356,0
DA:357,0
DA:358,0
DA:363,0
DA:364,0
DA:367,0
DA:370,0
DA:371,0
DA:373,0
DA:374,0
DA:375,0
DA:376,0
DA:377,0
DA:378,0
DA:379,0
DA:380,0
DA:383,0
DA:386,0
DA:388,0
DA:389,0
DA:394,0
DA:396,0
DA:407,0
DA:408,0
DA:409,0
DA:410,0
DA:411,0
DA:412,0
DA:413,0
DA:414,0
DA:417,0
DA:420,0
DA:421,0
DA:422,0
DA:423,0
DA:424,0
DA:427,0
DA:428,0
DA:433,0
DA:438,0
DA:441,0
DA:444,0
DA:445,0
DA:446,0
DA:447,0
DA:448,0
DA:450,0
DA:451,0
DA:454,0
DA:457,0
DA:458,0
DA:461,0
DA:462,0
DA:463,0
DA:466,0
DA:467,0
DA:468,0
DA:469,0
DA:470,0
DA:479,0
DA:480,0
DA:484,0
DA:485,0
DA:490,0
DA:491,0
DA:492,0
DA:494,0
DA:495,0
DA:496,0
DA:497,0
DA:499,0
DA:500,0
DA:501,0
DA:502,0
DA:503,0
DA:505,0
DA:506,0
DA:507,0
DA:508,0
DA:509,0
DA:512,0
DA:513,0
DA:514,0
DA:515,0
DA:516,0
DA:519,0
DA:520,0
DA:522,0
DA:523,0
DA:530,0
DA:532,0
DA:533,0
DA:535,0
DA:538,0
DA:541,0
DA:542,0
DA:543,0
DA:545,0
DA:547,0
DA:548,0
DA:550,0
DA:551,0
DA:552,0
DA:559,0
DA:560,0
DA:561,0
DA:562,0
DA:570,0
DA:571,0
DA:573,0
DA:575,0
DA:579,0
DA:580,0
DA:582,0
DA:584,0
DA:589,0
DA:590,0
DA:592,0
DA:599,0
DA:600,0
DA:602,0
DA:604,0
DA:606,0
DA:607,0
DA:609,0
DA:610,0
DA:612,0
DA:613,0
DA:616,0
DA:621,0
DA:622,0
DA:623,0
DA:624,0
DA:625,0
DA:628,0
DA:629,0
DA:632,0
DA:633,0
DA:634,0
DA:635,0
DA:643,0
DA:644,0
DA:645,0
DA:646,0
DA:654,0
DA:655,0
DA:658,0
DA:661,0
DA:662,0
DA:663,0
DA:664,0
DA:665,0
DA:666,0
DA:667,0
DA:671,0
DA:673,0
DA:684,0
DA:687,0
DA:688,0
DA:689,0
DA:690,0
DA:692,0
DA:693,0
DA:696,0
DA:697,0
DA:698,0
DA:699,0
DA:700,0
DA:703,0
DA:704,0
DA:705,0
DA:706,0
DA:707,0
DA:708,0
DA:709,0
DA:710,0
DA:711,0
DA:713,0
DA:715,0
DA:716,0
DA:717,0
DA:720,0
DA:721,0
DA:722,0
DA:723,0
DA:724,0
DA:725,0
DA:726,0
DA:727,0
DA:732,0
DA:734,0
DA:736,0
DA:738,0
DA:739,0
DA:746,0
DA:748,0
DA:749,0
DA:750,0
DA:753,0
DA:773,0
DA:775,0
DA:777,0
DA:780,0
DA:781,0
DA:783,0
DA:785,0
DA:786,0
DA:789,0
DA:790,0
LF:372
LH:1
end_of_record
SF:lib\screens\progress_screen.dart
DA:19,1
DA:21,0
DA:23,0
DA:24,0
DA:25,0
DA:26,0
DA:28,0
DA:29,0
DA:32,0
DA:35,0
DA:36,0
DA:38,0
DA:39,0
DA:41,0
DA:43,0
DA:51,0
DA:53,0
DA:54,0
DA:56,0
DA:57,0
DA:61,0
DA:63,0
DA:64,0
DA:69,0
DA:71,0
DA:76,0
DA:78,0
DA:83,0
DA:95,0
DA:97,0
DA:99,0
DA:100,0
DA:101,0
DA:102,0
DA:103,0
DA:109,0
DA:111,0
DA:112,0
DA:113,0
DA:114,0
DA:116,0
DA:117,0
DA:120,0
DA:128,0
DA:129,0
DA:131,0
DA:132,0
DA:133,0
DA:134,0
DA:137,0
DA:139,0
DA:142,0
DA:144,0
DA:146,0
DA:151,0
DA:153,0
DA:154,0
DA:168,0
DA:170,0
DA:172,0
DA:173,0
DA:176,0
DA:178,0
DA:186,0
DA:188,0
DA:190,0
DA:192,0
DA:199,0
DA:201,0
DA:204,0
DA:205,0
DA:212,0
DA:220,0
DA:228,0
DA:236,0
DA:251,0
DA:258,0
DA:260,0
DA:261,0
DA:262,0
DA:267,0
DA:268,0
DA:270,0
DA:271,0
DA:274,0
DA:276,0
DA:279,0
DA:280,0
DA:281,0
DA:282,0
DA:289,0
DA:291,0
DA:292,0
DA:299,0
DA:306,0
DA:308,0
DA:310,0
DA:311,0
DA:312,0
DA:314,0
DA:315,0
DA:316,0
DA:318,0
DA:319,0
DA:321,0
DA:323,0
DA:325,0
DA:330,0
DA:331,0
DA:333,0
DA:334,0
DA:336,0
DA:338,0
DA:341,0
DA:343,0
DA:344,0
LF:116
LH:1
end_of_record
SF:lib\screens\settings_screen.dart
DA:19,1
DA:21,0
DA:22,0
DA:29,0
DA:31,0
DA:32,0
DA:35,0
DA:37,0
DA:38,0
DA:40,0
DA:41,0
DA:42,0
DA:45,0
DA:46,0
DA:47,0
DA:52,0
DA:54,0
DA:55,0
DA:57,0
DA:58,0
DA:61,0
DA:62,0
DA:64,0
DA:66,0
DA:68,0
DA:72,0
DA:73,0
DA:74,0
DA:79,0
DA:80,0
DA:81,0
DA:83,0
DA:87,0
DA:88,0
DA:89,0
DA:92,0
DA:94,0
DA:95,0
DA:97,0
DA:98,0
DA:103,0
DA:104,0
DA:105,0
DA:106,0
DA:107,0
DA:109,0
DA:111,0
DA:112,0
DA:113,0
DA:114,0
DA:115,0
DA:117,0
DA:118,0
DA:119,0
DA:120,0
DA:121,0
DA:122,0
DA:123,0
DA:124,0
DA:125,0
DA:128,0
DA:130,0
DA:134,0
DA:135,0
DA:137,0
DA:138,0
DA:140,0
DA:142,0
DA:143,0
DA:150,0
DA:151,0
DA:152,0
DA:153,0
DA:155,0
DA:156,0
DA:157,0
DA:158,0
DA:162,0
DA:163,0
DA:164,0
DA:165,0
DA:173,0
DA:176,0
DA:178,0
DA:181,0
DA:182,0
DA:183,0
DA:188,0
DA:189,0
DA:193,0
DA:194,0
DA:199,0
DA:200,0
DA:205,0
DA:208,0
DA:209,0
DA:210,0
DA:215,0
DA:216,0
DA:219,0
DA:220,0
DA:225,0
DA:226,0
DA:231,0
DA:234,0
DA:235,0
DA:237,0
DA:238,0
DA:239,0
DA:240,0
DA:242,0
DA:243,0
DA:246,0
DA:248,0
DA:249,0
DA:250,0
DA:251,0
DA:253,0
DA:256,0
DA:257,0
DA:259,0
DA:261,0
DA:266,0
DA:267,0
DA:269,0
DA:270,0
DA:276,0
DA:277,0
DA:278,0
DA:279,0
DA:281,0
DA:287,0
DA:288,0
DA:290,0
DA:291,0
DA:292,0
DA:297,0
DA:299,0
DA:300,0
DA:305,0
DA:310,0
DA:313,0
DA:314,0
DA:315,0
DA:321,0
DA:323,0
DA:324,0
DA:329,0
DA:330,0
DA:335,0
DA:342,0
DA:344,0
DA:346,0
DA:348,0
DA:353,0
DA:354,0
DA:355,0
DA:356,0
DA:358,0
DA:365,0
DA:366,0
DA:367,0
DA:371,0
DA:379,0
DA:380,0
DA:382,0
DA:385,0
DA:386,0
DA:388,0
DA:390,0
DA:398,0
DA:399,0
DA:400,0
DA:402,0
DA:403,0
DA:404,0
DA:405,0
DA:407,0
DA:408,0
DA:409,0
DA:410,0
DA:411,0
DA:412,0
DA:413,0
DA:415,0
DA:417,0
DA:419,0
DA:423,0
DA:424,0
DA:425,0
DA:427,0
DA:428,0
DA:429,0
DA:430,0
DA:431,0
DA:432,0
DA:439,0
DA:440,0
DA:441,0
DA:446,0
DA:447,0
DA:448,0
DA:449,0
DA:450,0
DA:451,0
DA:452,0
DA:454,0
DA:460,0
DA:461,0
DA:462,0
DA:463,0
DA:474,0
DA:475,0
DA:476,0
DA:477,0
DA:478,0
DA:479,0
DA:481,0
DA:482,0
DA:494,0
DA:495,0
DA:498,0
DA:499,0
DA:500,0
DA:501,0
DA:502,0
DA:508,0
DA:509,0
LF:228
LH:1
end_of_record
SF:lib\screens\debug_settings_screen.dart
DA:15,1
DA:17,0
DA:19,0
DA:27,0
DA:29,0
DA:30,0
DA:33,0
DA:35,0
DA:36,0
DA:37,0
DA:39,0
DA:40,0
DA:41,0
DA:42,0
DA:45,0
DA:46,0
DA:47,0
DA:52,0
DA:54,0
DA:55,0
DA:56,0
DA:58,0
DA:59,0
DA:62,0
DA:63,0
DA:65,0
DA:67,0
DA:69,0
DA:73,0
DA:74,0
DA:75,0
DA:80,0
DA:82,0
DA:83,0
DA:84,0
DA:86,0
DA:87,0
DA:90,0
DA:91,0
DA:93,0
DA:95,0
DA:97,0
DA:101,0
DA:102,0
DA:103,0
DA:108,0
DA:110,0
DA:111,0
DA:113,0
DA:114,0
DA:117,0
DA:118,0
DA:119,0
DA:124,0
DA:126,0
DA:127,0
DA:129,0
DA:130,0
DA:131,0
DA:133,0
DA:134,0
DA:135,0
DA:142,0
DA:143,0
DA:144,0
DA:151,0
DA:152,0
DA:153,0
DA:158,0
DA:159,0
DA:160,0
DA:161,0
DA:162,0
DA:163,0
DA:164,0
DA:165,0
DA:166,0
DA:173,0
DA:175,0
DA:176,0
DA:179,0
DA:180,0
DA:183,0
DA:184,0
DA:185,0
DA:186,0
DA:187,0
DA:189,0
DA:191,0
DA:193,0
DA:194,0
DA:195,0
DA:196,0
DA:198,0
DA:199,0
DA:202,0
DA:204,0
DA:205,0
DA:206,0
DA:207,0
DA:209,0
DA:212,0
DA:213,0
DA:215,0
DA:217,0
DA:222,0
DA:223,0
DA:225,0
DA:226,0
DA:233,0
DA:236,0
DA:237,0
DA:238,0
DA:239,0
DA:240,0
DA:241,0
DA:242,0
DA:244,0
DA:245,0
DA:246,0
DA:253,0
DA:256,0
DA:257,0
DA:258,0
DA:259,0
DA:260,0
DA:261,0
DA:263,0
DA:269,0
DA:270,0
DA:272,0
DA:273,0
DA:274,0
DA:276,0
DA:282,0
DA:283,0
DA:289,0
DA:292,0
DA:293,0
DA:294,0
DA:295,0
DA:296,0
DA:301,0
DA:303,0
DA:304,0
DA:309,0
DA:311,0
DA:312,0
DA:317,0
DA:324,0
DA:331,0
DA:332,0
DA:333,0
DA:334,0
DA:336,0
DA:343,0
DA:344,0
DA:345,0
DA:346,0
DA:348,0
DA:349,0
DA:351,0
DA:352,0
DA:355,0
DA:357,0
DA:366,0
DA:374,0
DA:375,0
DA:377,0
DA:380,0
DA:382,0
DA:383,0
DA:386,0
DA:387,0
DA:389,0
LF:175
LH:1
end_of_record
SF:lib\screens\widget_gallery_screen.dart
DA:21,1
DA:23,0
DA:25,0
DA:43,0
DA:45,0
DA:46,0
DA:49,0
DA:51,0
DA:52,0
DA:55,0
DA:57,0
DA:58,0
DA:61,0
DA:62,0
DA:65,0
DA:66,0
DA:67,0
DA:68,0
DA:69,0
DA:72,0
DA:74,0
DA:77,0
DA:78,0
DA:98,1
DA:106,1
DA:108,0
DA:110,0
DA:111,0
DA:112,0
DA:113,0
DA:114,0
DA:115,0
DA:116,0
DA:117,0
DA:118,0
DA:119,0
DA:120,0
DA:121,0
DA:122,0
DA:123,0
DA:124,0
DA:125,0
DA:126,0
DA:127,0
DA:128,0
DA:129,0
DA:130,0
DA:131,0
DA:132,0
DA:133,0
DA:134,0
DA:135,0
DA:136,0
DA:137,0
DA:138,0
DA:139,0
DA:149,0
DA:151,0
DA:153,0
DA:154,0
DA:155,0
DA:156,0
DA:157,0
DA:160,0
DA:161,0
DA:163,0
DA:164,0
DA:167,0
DA:168,0
DA:169,0
DA:171,0
DA:172,0
DA:173,0
DA:174,0
DA:175,0
DA:176,0
DA:194,1
DA:196,0
DA:198,0
DA:199,0
DA:200,0
DA:201,0
DA:202,0
DA:203,0
DA:204,0
DA:205,0
DA:206,0
DA:207,0
DA:208,0
DA:209,0
DA:210,0
DA:211,0
DA:212,0
DA:213,0
DA:214,0
DA:215,0
DA:216,0
DA:217,0
DA:218,0
DA:219,0
DA:220,0
DA:221,0
DA:222,0
DA:223,0
DA:224,0
DA:225,0
DA:226,0
DA:227,0
DA:228,0
DA:229,0
DA:239,0
DA:241,0
DA:243,0
DA:244,0
DA:245,0
DA:247,0
DA:248,0
DA:249,0
DA:250,0
DA:251,0
DA:254,0
DA:256,0
DA:269,1
DA:271,0
DA:273,0
DA:274,0
DA:275,0
DA:276,0
DA:277,0
DA:280,0
DA:281,0
DA:282,0
DA:286,0
DA:287,0
DA:288,0
DA:291,0
DA:292,0
DA:294,0
DA:296,0
DA:298,0
DA:307,0
DA:308,0
DA:309,0
DA:312,0
DA:313,0
DA:314,0
DA:319,0
DA:320,0
DA:321,0
DA:323,0
DA:324,0
DA:325,0
DA:327,0
DA:329,0
DA:331,0
DA:332,0
DA:334,0
DA:336,0
DA:338,0
DA:339,0
DA:341,0
DA:343,0
DA:347,0
DA:348,0
DA:349,0
DA:351,0
DA:352,0
DA:354,0
DA:355,0
DA:357,0
DA:360,0
DA:362,0
DA:363,0
DA:365,0
DA:368,0
DA:370,0
DA:371,0
DA:373,0
DA:379,0
DA:380,0
DA:381,0
DA:382,0
DA:383,0
DA:385,0
DA:386,0
DA:387,0
DA:388,0
DA:392,0
DA:394,0
DA:396,0
DA:397,0
DA:398,0
DA:401,0
DA:402,0
DA:404,0
DA:406,0
DA:409,0
DA:411,0
DA:413,0
DA:421,0
DA:423,0
DA:425,0
DA:427,0
DA:438,1
DA:440,0
DA:442,0
DA:443,0
DA:444,0
DA:445,0
DA:446,0
DA:450,0
DA:451,0
DA:454,0
DA:456,0
DA:459,0
DA:460,0
DA:464,0
DA:465,0
DA:467,0
DA:469,0
DA:472,0
DA:473,0
DA:478,0
DA:479,0
DA:484,0
DA:490,0
DA:491,0
DA:492,0
DA:496,0
DA:498,0
DA:502,0
DA:504,0
DA:505,0
DA:506,0
DA:509,0
DA:510,0
DA:513,0
DA:515,0
DA:518,0
DA:520,0
DA:522,0
DA:539,1
DA:541,0
DA:543,0
DA:544,0
DA:545,0
DA:546,0
DA:547,0
DA:548,0
DA:549,0
DA:553,0
DA:554,0
DA:555,0
DA:556,0
DA:557,0
DA:561,0
DA:562,0
DA:564,0
DA:565,0
DA:569,0
DA:570,0
DA:571,0
DA:572,0
DA:573,0
DA:574,0
DA:575,0
DA:576,0
DA:578,0
DA:580,0
DA:582,0
DA:587,0
DA:589,0
DA:593,0
DA:594,0
DA:595,0
DA:597,0
DA:598,0
DA:602,0
DA:603,0
DA:604,0
DA:606,0
DA:609,0
DA:610,0
DA:611,0
DA:613,0
DA:614,0
DA:631,1
DA:633,0
DA:635,0
DA:636,0
DA:637,0
DA:638,0
DA:639,0
DA:641,0
DA:642,0
DA:643,0
DA:644,0
DA:645,0
DA:648,0
DA:649,0
DA:650,0
DA:651,0
DA:652,0
DA:653,0
DA:654,0
DA:655,0
DA:656,0
DA:658,0
DA:659,0
DA:660,0
DA:661,0
DA:662,0
DA:663,0
DA:664,0
DA:665,0
DA:666,0
DA:668,0
DA:669,0
DA:670,0
DA:671,0
DA:672,0
DA:673,0
DA:674,0
DA:676,0
DA:677,0
DA:678,0
DA:679,0
DA:680,0
DA:681,0
DA:682,0
DA:683,0
DA:684,0
DA:695,0
DA:697,0
DA:699,0
DA:700,0
DA:701,0
DA:703,0
DA:704,0
DA:706,0
DA:707,0
DA:708,0
DA:718,0
DA:724,0
DA:726,0
DA:728,0
DA:731,0
DA:732,0
DA:734,0
DA:735,0
DA:736,0
DA:737,0
DA:738,0
DA:739,0
DA:741,0
DA:743,0
DA:744,0
DA:745,0
DA:749,0
DA:750,0
DA:751,0
DA:758,0
DA:768,1
DA:770,0
DA:772,0
DA:773,0
DA:774,0
DA:775,0
DA:776,0
DA:777,0
DA:778,0
DA:779,0
DA:780,0
DA:781,0
DA:782,0
DA:783,0
DA:784,0
DA:785,0
DA:786,0
DA:787,0
DA:788,0
DA:789,0
DA:790,0
DA:791,0
DA:792,0
DA:793,0
DA:794,0
DA:796,0
DA:798,0
DA:799,0
DA:800,0
DA:801,0
DA:802,0
DA:803,0
DA:804,0
DA:805,0
DA:806,0
DA:807,0
DA:808,0
DA:812,0
DA:813,0
DA:815,0
DA:816,0
DA:829,0
DA:831,0
DA:833,0
DA:834,0
DA:835,0
DA:836,0
DA:837,0
DA:839,0
DA:841,0
DA:842,0
DA:844,0
DA:846,0
DA:847,0
DA:848,0
DA:849,0
DA:850,0
DA:863,0
DA:865,0
DA:867,0
DA:868,0
DA:869,0
DA:870,0
DA:871,0
DA:874,0
DA:875,0
DA:876,0
DA:879,0
DA:880,0
DA:882,0
DA:883,0
DA:884,0
DA:885,0
DA:886,0
DA:887,0
DA:901,0
DA:903,0
DA:905,0
DA:908,0
DA:909,0
DA:910,0
DA:923,0
DA:925,0
DA:927,0
DA:928,0
DA:929,0
DA:930,0
DA:931,0
DA:944,1
DA:946,0
DA:947,0
DA:955,0
DA:957,0
DA:958,0
DA:959,0
DA:960,0
DA:961,0
DA:963,0
DA:964,0
DA:965,0
DA:966,0
DA:970,0
DA:971,0
DA:973,0
DA:974,0
DA:977,0
DA:978,0
DA:979,0
DA:980,0
DA:983,0
DA:984,0
DA:985,0
DA:989,0
DA:990,0
DA:993,0
DA:994,0
DA:995,0
DA:997,0
DA:999,0
DA:1000,0
DA:1005,0
DA:1006,0
DA:1007,0
DA:1008,0
DA:1010,0
DA:1011,0
DA:1012,0
DA:1014,0
DA:1015,0
DA:1016,0
DA:1017,0
DA:1019,0
DA:1022,0
DA:1023,0
DA:1024,0
DA:1026,0
DA:1029,0
DA:1030,0
DA:1031,0
DA:1033,0
DA:1038,0
DA:1039,0
DA:1040,0
DA:1042,0
DA:1043,0
DA:1044,0
DA:1046,0
DA:1050,0
DA:1051,0
DA:1052,0
DA:1055,0
DA:1056,0
DA:1058,0
DA:1059,0
DA:1061,0
DA:1063,0
DA:1064,0
DA:1065,0
DA:1067,0
DA:1068,0
DA:1069,0
DA:1071,0
DA:1072,0
DA:1073,0
DA:1074,0
DA:1080,0
DA:1081,0
DA:1082,0
DA:1083,0
DA:1087,0
DA:1088,0
DA:1089,0
DA:1090,0
DA:1091,0
DA:1092,0
DA:1094,0
DA:1101,0
DA:1102,0
DA:1103,0
DA:1104,0
DA:1105,0
DA:1108,0
DA:1109,0
DA:1111,0
DA:1112,0
DA:1113,0
DA:1114,0
DA:1115,0
DA:1122,0
DA:1123,0
DA:1124,0
DA:1126,0
DA:1127,0
DA:1130,0
DA:1131,0
DA:1133,0
DA:1135,0
DA:1138,0
DA:1148,0
DA:1150,0
DA:1152,0
DA:1154,0
DA:1155,0
DA:1156,0
DA:1157,0
DA:1158,0
DA:1159,0
DA:1161,0
DA:1163,0
DA:1165,0
DA:1168,0
DA:1169,0
DA:1178,0
DA:1179,0
DA:1180,0
DA:1181,0
DA:1182,0
DA:1183,0
DA:1184,0
LF:581
LH:10
end_of_record
SF:lib\screens\theme_editor_screen.dart
DA:24,0
DA:29,0
DA:30,0
DA:43,0
DA:45,0
DA:46,0
DA:49,0
DA:50,0
DA:51,0
DA:53,0
DA:54,0
DA:57,0
DA:58,0
DA:59,0
DA:63,0
DA:65,0
DA:67,0
DA:68,0
DA:72,0
DA:73,0
DA:74,0
DA:75,0
DA:76,0
DA:79,0
DA:80,0
DA:81,0
DA:82,0
DA:83,0
DA:87,0
DA:89,0
DA:90,0
DA:93,0
DA:94,0
DA:96,0
DA:99,0
DA:101,0
DA:103,0
DA:104,0
DA:105,0
DA:106,0
DA:108,0
DA:110,0
DA:111,0
DA:112,0
DA:116,0
DA:117,0
DA:118,0
DA:119,0
DA:121,0
DA:123,0
DA:124,0
DA:125,0
DA:129,0
DA:130,0
DA:133,0
DA:134,0
DA:139,0
DA:141,0
DA:142,0
DA:143,0
DA:144,0
DA:149,0
DA:150,0
DA:151,0
DA:153,0
DA:154,0
DA:155,0
DA:156,0
DA:157,0
DA:159,0
DA:165,0
DA:167,0
DA:168,0
DA:169,0
DA:171,0
DA:173,0
DA:175,0
DA:176,0
DA:182,0
DA:183,0
DA:186,0
DA:196,0
DA:200,0
DA:201,0
DA:203,0
DA:204,0
DA:205,0
DA:213,0
DA:214,0
DA:216,0
DA:217,0
DA:218,0
DA:226,0
DA:230,0
DA:234,0
DA:235,0
DA:236,0
DA:237,0
DA:239,0
DA:240,0
DA:242,0
DA:243,0
DA:247,0
DA:248,0
DA:249,0
DA:252,0
DA:254,0
DA:256,0
DA:257,0
DA:258,0
DA:259,0
DA:266,0
DA:267,0
DA:269,0
DA:270,0
DA:272,0
DA:273,0
DA:277,0
DA:278,0
DA:279,0
DA:282,0
DA:284,0
DA:286,0
DA:287,0
DA:288,0
DA:289,0
DA:301,0
DA:306,0
DA:307,0
DA:308,0
DA:309,0
DA:311,0
DA:317,0
DA:319,0
DA:331,0
DA:332,0
DA:334,0
DA:340,0
DA:341,0
DA:342,0
DA:344,0
DA:345,0
DA:346,0
DA:348,0
DA:349,0
DA:353,0
DA:367,0
DA:369,0
DA:370,0
DA:377,0
DA:379,0
DA:381,0
DA:383,0
DA:385,0
DA:387,0
DA:388,0
DA:389,0
DA:390,0
DA:392,0
DA:396,0
DA:398,0
DA:405,0
DA:407,0
DA:408,0
DA:409,0
DA:411,0
DA:413,0
DA:414,0
DA:423,0
DA:424,0
DA:425,0
DA:426,0
DA:429,0
DA:431,0
DA:435,0
DA:436,0
DA:441,0
DA:446,0
DA:447,0
DA:449,0
DA:451,0
DA:452,0
DA:453,0
DA:454,0
DA:463,0
DA:464,0
DA:465,0
DA:466,0
DA:469,0
DA:470,0
DA:471,0
DA:472,0
DA:475,0
DA:476,0
DA:477,0
DA:478,0
DA:486,0
DA:487,0
DA:488,0
DA:489,0
DA:491,0
DA:492,0
DA:493,0
LF:203
LH:0
end_of_record
SF:lib\widgets\app_shell.dart
DA:27,0
DA:32,0
DA:33,0
DA:38,0
DA:39,0
DA:40,0
DA:41,0
DA:42,0
DA:43,0
DA:44,0
DA:45,0
DA:47,0
DA:51,0
DA:52,0
DA:55,0
DA:56,0
DA:57,0
DA:59,0
DA:60,0
DA:66,0
DA:67,0
DA:69,0
DA:70,0
DA:72,0
DA:73,0
DA:75,0
DA:76,0
DA:82,0
DA:83,0
DA:84,0
DA:85,0
DA:86,0
DA:88,0
DA:89,0
DA:92,0
DA:95,0
DA:96,0
DA:99,0
DA:100,0
DA:101,0
DA:104,0
DA:105,0
DA:106,0
DA:107,0
DA:108,0
DA:118,0
DA:120,0
DA:122,0
DA:123,0
DA:124,0
DA:126,0
DA:129,0
DA:130,0
DA:131,0
DA:133,0
DA:136,0
DA:138,0
DA:143,0
DA:144,0
DA:146,0
DA:149,0
DA:151,0
DA:156,0
DA:157,0
DA:159,0
DA:162,0
DA:164,0
DA:169,0
DA:170,0
DA:172,0
DA:175,0
DA:177,0
LF:72
LH:0
end_of_record
SF:lib\data\datasources\mock\mock_data.dart
DA:16,0
DA:18,0
DA:19,0
DA:20,0
DA:29,0
DA:31,0
DA:32,0
DA:33,0
DA:41,0
DA:43,0
DA:52,0
DA:53,0
DA:54,0
DA:58,0
DA:59,0
DA:65,0
DA:66,0
DA:67,0
DA:68,0
DA:69,0
DA:71,0
DA:72,0
DA:73,0
DA:74,0
DA:75,0
DA:76,0
DA:77,0
DA:80,0
DA:81,0
DA:82,0
DA:83,0
DA:84,0
DA:87,0
DA:88,0
DA:89,0
DA:90,0
DA:91,0
DA:104,0
DA:113,0
DA:114,0
DA:115,0
DA:122,0
DA:131,0
DA:132,0
DA:133,0
DA:144,0
DA:151,0
DA:152,0
DA:153,0
DA:154,0
DA:155,0
DA:157,0
DA:158,0
DA:159,0
DA:160,0
DA:161,0
DA:166,0
DA:168,0
DA:169,0
DA:170,0
DA:178,0
DA:186,0
DA:187,0
DA:189,0
DA:190,0
DA:192,0
DA:196,0
DA:197,0
DA:204,0
LF:69
LH:0
end_of_record
SF:lib\data\datasources\remote\program_api_datasource.dart
DA:28,0
DA:38,0
DA:41,0
DA:44,0
DA:47,0
DA:60,0
DA:63,0
DA:66,0
DA:69,0
DA:72,0
DA:75,0
DA:78,0
DA:81,0
DA:84,0
DA:87,0
DA:90,0
DA:93,0
DA:96,0
DA:106,0
DA:112,0
DA:114,0
LF:21
LH:0
end_of_record
SF:lib\services\logging_service.dart
DA:52,0
DA:55,0
DA:57,0
DA:64,0
DA:67,0
DA:68,0
DA:70,0
DA:72,0
DA:73,0
DA:79,0
DA:80,0
DA:83,0
DA:90,0
DA:91,0
DA:96,0
DA:97,0
DA:98,0
DA:99,0
DA:103,0
DA:114,0
DA:117,0
DA:119,0
DA:120,0
DA:123,0
DA:124,0
DA:127,0
DA:131,0
DA:136,0
DA:139,0
DA:141,0
DA:142,0
DA:145,0
DA:146,0
DA:149,0
DA:153,0
DA:160,0
DA:161,0
DA:165,0
DA:166,0
DA:167,0
DA:168,0
DA:171,0
DA:172,0
DA:173,0
DA:174,0
DA:175,0
DA:178,0
DA:179,0
DA:182,0
DA:183,0
DA:187,0
DA:191,0
DA:192,0
DA:194,0
DA:199,0
DA:200,0
DA:204,0
DA:205,0
DA:209,0
DA:211,0
DA:212,0
DA:218,0
DA:219,0
DA:223,0
DA:225,0
DA:227,0
DA:228,0
DA:235,0
DA:236,0
DA:240,0
DA:241,0
DA:242,0
DA:244,0
DA:248,0
DA:250,0
DA:252,0
DA:253,0
DA:258,0
DA:259,0
DA:262,0
DA:263,0
DA:266,0
DA:268,0
DA:270,0
DA:271,0
DA:276,0
DA:277,0
DA:281,0
DA:282,0
DA:286,0
DA:287,0
DA:302,0
DA:303,0
DA:317,0
DA:318,0
DA:331,0
DA:332,0
DA:346,0
DA:347,0
DA:362,0
DA:363,0
DA:365,0
DA:366,0
DA:382,0
DA:384,0
DA:386,0
DA:387,0
DA:401,0
DA:402,0
DA:413,0
DA:414,0
DA:418,0
DA:419,0
DA:420,0
DA:424,0
DA:427,0
DA:430,0
DA:431,0
DA:432,0
DA:440,0
DA:442,0
DA:445,0
DA:446,0
DA:447,0
DA:448,0
DA:449,0
DA:450,0
DA:451,0
DA:452,0
DA:457,0
DA:461,0
DA:463,0
DA:466,0
DA:467,0
DA:468,0
DA:469,0
DA:470,0
DA:471,0
DA:472,0
DA:477,0
DA:479,0
DA:482,0
DA:483,0
LF:143
LH:0
end_of_record
SF:lib\widgets\animations\animate_on_load.dart
DA:10,0
DA:15,0
DA:19,0
DA:31,0
DA:40,0
DA:42,0
DA:45,0
DA:46,0
DA:47,0
DA:50,0
DA:51,0
DA:52,0
DA:53,0
DA:54,0
DA:55,0
DA:56,0
DA:57,0
DA:59,0
DA:62,0
DA:64,0
DA:65,0
DA:66,0
DA:67,0
DA:68,0
DA:69,0
DA:70,0
DA:72,0
DA:75,0
DA:88,0
DA:97,0
DA:98,0
DA:107,0
DA:109,0
DA:110,0
DA:111,0
DA:114,0
DA:115,0
DA:117,0
DA:120,0
DA:122,0
DA:123,0
DA:124,0
DA:125,0
DA:126,0
DA:128,0
DA:129,0
DA:130,0
DA:134,0
DA:136,0
DA:137,0
DA:140,0
DA:142,0
DA:145,0
DA:146,0
DA:147,0
DA:151,0
DA:152,0
DA:153,0
DA:154,0
DA:155,0
DA:156,0
DA:169,0
DA:176,0
DA:178,0
DA:181,0
DA:184,0
DA:185,0
DA:186,0
DA:188,0
DA:191,0
DA:194,0
DA:195,0
DA:198,0
DA:211,1
DA:219,1
DA:221,2
DA:224,0
DA:227,6
DA:239,1
DA:248,1
DA:250,2
DA:253,0
DA:256,6
DA:257,1
DA:259,1
DA:260,1
LF:86
LH:11
end_of_record
SF:lib\widgets\progress_ring.dart
DA:20,0
DA:32,0
DA:34,0
DA:36,0
DA:37,0
DA:39,0
DA:40,0
DA:41,0
DA:42,0
DA:44,0
DA:45,0
DA:46,0
DA:47,0
DA:48,0
DA:49,0
DA:52,0
DA:53,0
DA:56,0
DA:76,0
DA:90,0
DA:92,0
DA:101,0
DA:103,0
DA:104,0
DA:105,0
DA:108,0
DA:110,0
DA:111,0
DA:112,0
DA:113,0
DA:115,0
DA:118,0
DA:120,0
DA:121,0
DA:122,0
DA:123,0
DA:124,0
DA:125,0
DA:126,0
DA:127,0
DA:128,0
DA:130,0
DA:131,0
DA:132,0
DA:136,0
DA:138,0
DA:139,0
DA:142,0
DA:144,0
DA:147,0
DA:148,0
DA:149,0
DA:150,0
DA:151,0
DA:152,0
DA:153,0
DA:154,0
DA:155,0
DA:159,0
DA:160,0
DA:161,0
DA:162,0
DA:163,0
DA:164,0
DA:165,0
DA:166,0
DA:167,0
DA:168,0
DA:169,0
DA:170,0
DA:186,0
DA:195,0
DA:197,0
DA:198,0
DA:201,0
DA:202,0
DA:203,0
DA:204,0
DA:205,0
DA:207,0
DA:210,0
DA:211,0
DA:212,0
DA:213,0
DA:214,0
DA:216,0
DA:217,0
DA:218,0
DA:219,0
DA:220,0
DA:221,0
DA:223,0
DA:227,0
DA:229,0
DA:230,0
DA:239,0
DA:241,0
DA:242,0
DA:243,0
DA:244,0
DA:245,0
DA:255,0
DA:262,0
DA:264,0
DA:265,0
DA:266,0
DA:268,0
LF:107
LH:0
end_of_record
SF:lib\widgets\skeleton_loader.dart
DA:15,0
DA:23,0
DA:25,0
DA:26,0
DA:28,0
DA:29,0
DA:31,0
DA:32,0
DA:33,0
DA:34,0
DA:35,0
DA:37,0
DA:38,0
DA:47,0
DA:48,0
DA:50,0
DA:62,0
DA:70,0
DA:72,0
DA:73,0
DA:74,0
DA:75,0
DA:76,0
DA:80,0
DA:82,0
DA:84,0
DA:85,0
DA:86,0
DA:87,0
DA:89,0
DA:90,0
DA:102,1
DA:107,0
DA:109,0
DA:110,0
DA:111,0
DA:112,0
DA:123,1
DA:130,0
DA:132,0
DA:133,0
DA:134,0
DA:135,0
DA:136,0
DA:143,1
DA:145,0
DA:147,0
DA:148,0
DA:149,0
DA:150,0
DA:151,0
DA:152,0
DA:153,0
DA:154,0
DA:156,0
DA:157,0
DA:159,0
DA:160,0
DA:161,0
DA:163,0
DA:164,0
DA:166,0
DA:168,0
DA:169,0
DA:170,0
DA:173,0
DA:176,0
DA:179,0
DA:194,0
DA:196,0
DA:198,0
DA:199,0
DA:200,0
DA:201,0
DA:202,0
DA:203,0
DA:204,0
DA:205,0
DA:207,0
DA:209,0
DA:210,0
DA:212,0
DA:213,0
DA:214,0
DA:217,0
DA:221,0
DA:222,0
DA:223,0
DA:224,0
DA:225,0
DA:226,0
DA:230,0
DA:232,0
DA:233,0
DA:237,0
DA:254,0
DA:262,0
DA:264,0
DA:265,0
DA:268,0
DA:269,0
DA:270,0
LF:102
LH:3
end_of_record
SF:lib\widgets\empty_state.dart
DA:20,0
DA:33,0
DA:36,0
DA:47,0
DA:50,0
DA:62,0
DA:65,0
DA:75,0
DA:79,0
DA:90,0
DA:94,0
DA:99,0
DA:106,0
DA:109,0
DA:118,0
DA:120,0
DA:122,0
DA:124,0
DA:125,0
DA:126,0
DA:127,0
DA:130,0
DA:132,0
DA:133,0
DA:134,0
DA:135,0
DA:137,0
DA:140,0
DA:141,0
DA:142,0
DA:143,0
DA:149,0
DA:150,0
DA:151,0
DA:152,0
DA:153,0
DA:154,0
DA:161,0
DA:162,0
DA:163,0
DA:164,0
DA:165,0
DA:166,0
DA:175,0
DA:177,0
DA:178,0
DA:182,0
DA:184,0
DA:185,0
DA:186,0
DA:194,0
DA:195,0
DA:196,0
DA:197,0
DA:198,0
DA:199,0
DA:202,0
DA:203,0
DA:204,0
LF:59
LH:0
end_of_record
SF:lib\widgets\common\theme_preview_card.dart
DA:30,0
DA:41,0
DA:43,0
DA:44,0
DA:46,0
DA:48,0
DA:49,0
DA:51,0
DA:53,0
DA:54,0
DA:55,0
DA:57,0
DA:59,0
DA:60,0
DA:61,0
DA:63,0
DA:66,0
DA:68,0
DA:69,0
DA:70,0
DA:76,0
DA:78,0
DA:79,0
DA:82,0
DA:84,0
DA:87,0
DA:89,0
DA:90,0
DA:92,0
DA:94,0
DA:95,0
DA:96,0
DA:99,0
DA:104,0
DA:106,0
DA:108,0
DA:113,0
DA:125,0
DA:126,0
DA:127,0
DA:128,0
DA:129,0
DA:130,0
DA:131,0
DA:133,0
DA:134,0
DA:141,0
DA:143,0
DA:144,0
DA:146,0
DA:151,0
DA:154,0
DA:156,0
DA:158,0
DA:159,0
DA:165,0
DA:170,0
DA:173,0
DA:174,0
DA:176,0
DA:178,0
DA:192,0
DA:199,0
DA:201,0
DA:202,0
DA:203,0
DA:204,0
DA:205,0
DA:207,0
DA:209,0
DA:210,0
DA:211,0
DA:212,0
DA:213,0
DA:215,0
DA:219,0
DA:220,0
DA:221,0
DA:229,0
DA:231,0
DA:232,0
DA:233,0
DA:234,0
DA:235,0
DA:237,0
DA:241,0
DA:242,0
DA:243,0
DA:262,0
DA:269,0
DA:271,0
DA:272,0
DA:274,0
DA:276,0
DA:277,0
DA:280,0
DA:281,0
DA:285,0
DA:287,0
DA:288,0
DA:289,0
DA:290,0
LF:102
LH:0
end_of_record
SF:lib\widgets\common\theme_selection_sheet.dart
DA:15,0
DA:21,0
DA:26,0
DA:38,0
DA:44,0
DA:46,0
DA:50,0
DA:52,0
DA:53,0
DA:54,0
DA:56,0
DA:60,0
DA:61,0
DA:62,0
DA:68,0
DA:69,0
DA:71,0
DA:74,0
DA:75,0
DA:81,0
DA:83,0
DA:87,0
DA:89,0
DA:92,0
DA:95,0
DA:98,0
DA:101,0
DA:103,0
DA:105,0
DA:106,0
DA:108,0
DA:111,0
DA:116,0
DA:127,0
DA:128,0
DA:130,0
DA:131,0
DA:133,0
DA:136,0
DA:137,0
DA:138,0
DA:144,0
DA:145,0
DA:146,0
DA:147,0
DA:149,0
DA:154,0
DA:155,0
DA:156,0
DA:158,0
DA:169,0
DA:172,0
DA:173,0
DA:174,0
DA:175,0
DA:177,0
DA:179,0
DA:180,0
DA:181,0
DA:182,0
DA:183,0
DA:187,0
DA:188,0
DA:189,0
DA:192,0
DA:196,0
DA:202,0
DA:203,0
DA:205,0
DA:206,0
DA:208,0
DA:212,0
DA:214,0
DA:215,0
DA:222,0
DA:224,0
DA:233,0
DA:238,0
DA:239,0
DA:240,0
DA:242,0
DA:244,0
DA:248,0
DA:253,0
DA:254,0
DA:255,0
DA:256,0
DA:257,0
DA:259,0
DA:261,0
DA:264,0
DA:266,0
DA:267,0
DA:273,0
DA:274,0
DA:276,0
DA:277,0
DA:278,0
DA:280,0
DA:284,0
DA:286,0
DA:287,0
DA:291,0
DA:293,0
DA:294,0
DA:302,0
DA:309,0
DA:310,0
DA:313,0
DA:314,0
DA:316,0
DA:317,0
DA:319,0
DA:320,0
DA:321,0
DA:331,0
DA:332,0
DA:333,0
DA:334,0
DA:337,0
DA:339,0
DA:342,0
DA:343,0
DA:344,0
DA:348,0
DA:349,0
DA:351,0
DA:353,0
DA:355,0
DA:360,0
DA:361,0
DA:363,0
DA:364,0
DA:365,0
DA:366,0
DA:367,0
DA:368,0
DA:369,0
DA:376,0
DA:377,0
DA:382,0
DA:384,0
DA:385,0
DA:389,0
DA:391,0
DA:392,0
DA:399,0
DA:400,0
DA:401,0
DA:409,0
DA:410,0
DA:411,0
DA:412,0
DA:414,0
DA:416,0
DA:422,0
DA:424,0
DA:434,0
DA:435,0
DA:436,0
DA:437,0
DA:438,0
DA:439,0
DA:440,0
DA:444,0
DA:445,0
DA:447,0
DA:449,0
DA:450,0
DA:451,0
DA:452,0
DA:455,0
DA:456,0
DA:457,0
DA:458,0
DA:468,0
DA:469,0
DA:470,0
DA:471,0
DA:472,0
LF:180
LH:0
end_of_record
SF:lib\widgets\common\color_picker_sheet.dart
DA:13,0
DA:19,0
DA:24,0
DA:38,0
DA:45,0
DA:46,0
DA:53,0
DA:55,0
DA:56,0
DA:57,0
DA:60,0
DA:61,0
DA:62,0
DA:63,0
DA:64,0
DA:66,0
DA:67,0
DA:72,0
DA:73,0
DA:74,0
DA:75,0
DA:77,0
DA:80,0
DA:81,0
DA:84,0
DA:85,0
DA:88,0
DA:90,0
DA:92,0
DA:93,0
DA:99,0
DA:100,0
DA:101,0
DA:103,0
DA:105,0
DA:107,0
DA:110,0
DA:111,0
DA:112,0
DA:118,0
DA:119,0
DA:120,0
DA:127,0
DA:131,0
DA:132,0
DA:137,0
DA:138,0
DA:139,0
DA:151,0
DA:153,0
DA:154,0
DA:157,0
DA:159,0
DA:160,0
DA:190,0
DA:193,0
DA:194,0
DA:195,0
DA:196,0
DA:197,0
DA:202,0
DA:203,0
DA:204,0
DA:218,0
DA:219,0
DA:220,0
DA:222,0
DA:223,0
DA:224,0
DA:225,0
DA:227,0
DA:228,0
DA:232,0
DA:234,0
DA:235,0
DA:236,0
DA:239,0
DA:240,0
DA:249,0
DA:251,0
DA:256,0
DA:257,0
DA:258,0
DA:259,0
DA:261,0
DA:262,0
DA:266,0
DA:268,0
DA:269,0
DA:270,0
DA:273,0
DA:274,0
DA:285,0
DA:286,0
DA:287,0
DA:288,0
DA:290,0
DA:291,0
DA:292,0
DA:295,0
DA:297,0
DA:298,0
DA:299,0
DA:300,0
DA:301,0
DA:304,0
DA:305,0
DA:306,0
DA:308,0
DA:312,0
DA:313,0
DA:315,0
DA:316,0
DA:318,0
DA:319,0
DA:323,0
DA:324,0
DA:325,0
DA:326,0
DA:345,0
DA:353,0
DA:355,0
DA:356,0
DA:357,0
DA:359,0
DA:360,0
DA:361,0
DA:364,0
DA:367,0
DA:368,0
DA:370,0
DA:371,0
DA:372,0
DA:373,0
DA:375,0
DA:376,0
DA:378,0
DA:381,0
DA:382,0
DA:383,0
DA:386,0
DA:391,0
DA:392,0
DA:394,0
DA:395,0
DA:396,0
DA:397,0
DA:398,0
DA:401,0
DA:402,0
DA:403,0
DA:411,0
DA:412,0
DA:414,0
DA:417,0
DA:419,0
DA:428,0
DA:429,0
DA:430,0
DA:433,0
DA:434,0
LF:161
LH:0
end_of_record
SF:lib\widgets\gradient_button.dart
DA:21,0
DA:33,0
DA:34,0
DA:41,0
DA:42,0
DA:43,0
DA:48,0
DA:50,0
DA:51,0
DA:53,0
DA:54,0
DA:55,0
DA:56,0
DA:57,0
DA:58,0
DA:60,0
DA:61,0
DA:62,0
DA:63,0
DA:64,0
DA:66,0
DA:67,0
DA:69,0
DA:70,0
DA:74,0
DA:75,0
DA:76,0
DA:77,0
DA:78,0
DA:79,0
DA:86,0
DA:88,0
DA:89,0
DA:90,0
DA:91,0
DA:92,0
DA:93,0
DA:94,0
DA:95,0
DA:96,0
DA:99,0
DA:101,0
DA:106,0
DA:109,0
DA:110,0
DA:111,0
DA:112,0
DA:116,0
DA:118,0
DA:119,0
DA:120,0
DA:136,0
DA:137,0
DA:138,0
DA:161,0
DA:173,0
DA:175,0
DA:181,0
DA:183,0
DA:184,0
DA:186,0
DA:188,0
DA:189,0
DA:190,0
DA:191,0
DA:192,0
DA:193,0
DA:195,0
DA:196,0
DA:197,0
DA:198,0
DA:199,0
DA:201,0
DA:202,0
DA:203,0
DA:205,0
DA:206,0
DA:207,0
DA:210,0
DA:214,0
DA:216,0
DA:217,0
DA:218,0
DA:219,0
DA:220,0
DA:221,0
DA:222,0
DA:223,0
DA:224,0
DA:227,0
DA:229,0
DA:234,0
DA:237,0
DA:238,0
DA:239,0
DA:240,0
DA:244,0
DA:246,0
DA:247,0
DA:248,0
LF:100
LH:0
end_of_record
SF:lib\utils\operation_ui_handler.dart
DA:9,0
DA:10,0
DA:12,0
DA:13,0
DA:14,0
DA:16,0
DA:17,0
DA:18,0
DA:20,0
DA:21,0
DA:22,0
DA:24,0
DA:25,0
DA:30,0
DA:31,0
DA:34,0
LF:16
LH:0
end_of_record
SF:lib\widgets\exercise_card.dart
DA:24,0
DA:36,0
DA:37,0
DA:46,0
DA:48,0
DA:49,0
DA:53,0
DA:54,0
DA:57,0
DA:58,0
DA:62,0
DA:64,0
DA:65,0
DA:68,0
DA:69,0
DA:70,0
DA:71,0
DA:72,0
DA:74,0
DA:77,0
DA:81,0
DA:82,0
DA:83,0
DA:85,0
DA:88,0
DA:90,0
DA:92,0
DA:94,0
DA:96,0
DA:98,0
DA:100,0
DA:101,0
DA:102,0
DA:104,0
DA:115,0
DA:118,0
DA:119,0
DA:120,0
DA:121,0
DA:123,0
DA:132,0
DA:133,0
DA:134,0
DA:135,0
DA:137,0
DA:138,0
DA:140,0
DA:143,0
DA:144,0
DA:145,0
DA:146,0
DA:148,0
DA:149,0
DA:150,0
DA:151,0
DA:155,0
DA:156,0
DA:157,0
DA:159,0
DA:162,0
DA:163,0
DA:164,0
DA:175,0
DA:176,0
DA:178,0
DA:179,0
DA:180,0
DA:181,0
DA:182,0
DA:188,0
DA:189,0
DA:191,0
DA:192,0
DA:193,0
DA:195,0
DA:196,0
DA:198,0
DA:203,0
DA:204,0
DA:205,0
DA:207,0
DA:209,0
DA:218,0
DA:219,0
DA:221,0
DA:224,0
DA:225,0
DA:226,0
DA:227,0
DA:228,0
DA:239,0
DA:241,0
DA:242,0
DA:243,0
DA:245,0
DA:248,0
DA:249,0
DA:251,0
DA:254,0
DA:256,0
DA:257,0
DA:259,0
DA:260,0
DA:262,0
DA:263,0
DA:267,0
DA:268,0
DA:270,0
DA:271,0
DA:272,0
DA:274,0
DA:278,0
DA:280,0
DA:281,0
DA:287,0
DA:289,0
DA:290,0
DA:291,0
DA:293,0
DA:297,0
DA:299,0
DA:300,0
DA:306,0
DA:308,0
DA:309,0
DA:310,0
DA:312,0
DA:316,0
DA:318,0
DA:319,0
DA:331,0
DA:332,0
DA:334,0
DA:336,0
DA:347,0
DA:348,0
DA:349,0
DA:352,0
DA:357,0
DA:358,0
DA:359,0
DA:360,0
DA:361,0
DA:363,0
DA:365,0
DA:366,0
DA:369,0
DA:372,0
DA:373,0
DA:374,0
DA:375,0
DA:376,0
DA:381,0
DA:382,0
DA:383,0
DA:384,0
DA:385,0
DA:386,0
DA:395,0
DA:396,0
DA:398,0
DA:400,0
DA:402,0
DA:403,0
DA:406,0
DA:407,0
DA:409,0
DA:411,0
DA:412,0
DA:413,0
DA:414,0
DA:423,0
DA:428,0
DA:429,0
DA:430,0
DA:432,0
DA:434,0
DA:435,0
DA:441,0
DA:443,0
DA:445,0
DA:446,0
DA:452,0
DA:454,0
DA:456,0
DA:457,0
DA:469,0
DA:470,0
DA:471,0
DA:472,0
DA:474,0
DA:475,0
DA:477,0
DA:478,0
DA:479,0
DA:480,0
DA:481,0
DA:482,0
DA:488,0
DA:490,0
DA:492,0
DA:493,0
DA:494,0
DA:495,0
DA:496,0
DA:498,0
DA:500,0
DA:503,0
DA:505,0
DA:506,0
DA:517,0
DA:520,0
DA:521,0
DA:524,0
DA:525,0
DA:529,0
DA:534,0
DA:536,0
DA:538,0
DA:540,0
DA:541,0
DA:544,0
DA:545,0
DA:546,0
DA:553,0
DA:554,0
DA:555,0
DA:556,0
DA:562,0
DA:565,0
DA:566,0
DA:567,0
DA:568,0
DA:575,0
DA:577,0
DA:578,0
DA:582,0
DA:583,0
DA:585,0
DA:586,0
DA:593,0
DA:595,0
DA:596,0
DA:607,0
DA:608,0
DA:613,0
DA:614,0
DA:615,0
DA:617,0
DA:619,0
DA:620,0
LF:251
LH:0
end_of_record
SF:lib\widgets\add_exercise_bottom_sheet.dart
DA:16,0
DA:23,0
DA:25,0
DA:33,0
DA:35,0
DA:36,0
DA:39,0
DA:41,0
DA:42,0
DA:45,0
DA:47,0
DA:50,0
DA:51,0
DA:53,0
DA:54,0
DA:55,0
DA:56,0
DA:57,0
DA:60,0
DA:61,0
DA:64,0
DA:65,0
DA:68,0
DA:70,0
DA:72,0
DA:73,0
DA:79,0
DA:81,0
DA:83,0
DA:84,0
DA:87,0
DA:88,0
DA:89,0
DA:96,0
DA:97,0
DA:98,0
DA:99,0
DA:105,0
DA:106,0
DA:107,0
DA:109,0
DA:111,0
DA:114,0
DA:116,0
DA:117,0
DA:119,0
DA:121,0
DA:122,0
DA:124,0
DA:126,0
DA:127,0
DA:134,0
DA:136,0
DA:138,0
DA:139,0
DA:140,0
DA:141,0
DA:142,0
DA:150,0
DA:151,0
DA:158,0
DA:159,0
DA:161,0
DA:162,0
DA:163,0
DA:164,0
DA:165,0
DA:166,0
DA:169,0
DA:171,0
DA:172,0
DA:173,0
DA:174,0
DA:175,0
DA:177,0
DA:178,0
DA:181,0
DA:183,0
DA:184,0
DA:187,0
DA:188,0
DA:189,0
DA:190,0
DA:191,0
DA:198,0
DA:199,0
DA:200,0
DA:202,0
DA:203,0
DA:205,0
DA:206,0
DA:210,0
DA:211,0
DA:212,0
DA:215,0
DA:216,0
DA:217,0
DA:222,0
DA:223,0
DA:225,0
DA:227,0
DA:228,0
DA:229,0
DA:230,0
DA:233,0
DA:235,0
DA:237,0
DA:238,0
DA:239,0
DA:240,0
DA:244,0
DA:245,0
DA:246,0
DA:248,0
DA:250,0
DA:255,0
DA:258,0
DA:260,0
DA:265,0
DA:266,0
DA:271,0
DA:272,0
DA:273,0
DA:275,0
DA:277,0
DA:278,0
DA:284,0
DA:285,0
DA:286,0
DA:288,0
DA:289,0
DA:291,0
DA:295,0
DA:297,0
DA:298,0
DA:302,0
DA:304,0
DA:305,0
LF:138
LH:0
end_of_record
SF:lib\widgets\debug_action_button.dart
DA:10,0
DA:12,0
DA:13,0
DA:15,0
DA:17,0
DA:18,0
DA:23,0
DA:25,0
DA:27,0
DA:28,0
DA:34,0
DA:35,0
DA:36,0
DA:46,0
DA:47,0
DA:54,1
DA:56,0
DA:57,0
DA:59,0
DA:61,0
DA:62,0
DA:67,0
DA:69,0
DA:71,0
DA:72,0
DA:78,0
DA:79,0
DA:80,0
DA:82,0
DA:87,0
DA:88,0
LF:31
LH:1
end_of_record
SF:lib\widgets\animations\success_confetti.dart
DA:30,0
DA:41,0
DA:42,0
DA:53,0
DA:55,0
DA:56,0
DA:57,0
DA:68,0
DA:70,0
DA:73,0
DA:75,0
DA:76,0
DA:77,0
DA:81,0
DA:82,0
DA:86,0
DA:88,0
DA:89,0
DA:90,0
DA:91,0
DA:92,0
DA:96,0
DA:97,0
DA:98,0
DA:100,0
DA:101,0
DA:104,0
DA:105,0
DA:106,0
DA:107,0
DA:108,0
DA:109,0
DA:110,0
DA:111,0
DA:112,0
DA:113,0
DA:115,0
DA:116,0
DA:117,0
DA:122,0
DA:124,0
DA:125,0
DA:128,0
DA:130,0
DA:131,0
DA:132,0
DA:133,0
DA:134,0
DA:135,0
DA:136,0
DA:137,0
DA:138,0
DA:139,0
DA:140,0
DA:141,0
DA:142,0
DA:176,0
DA:195,0
DA:200,0
DA:202,0
DA:205,0
DA:207,0
DA:210,0
DA:211,0
DA:214,0
DA:216,0
DA:217,0
DA:218,0
DA:220,0
DA:221,0
DA:222,0
DA:225,0
DA:229,0
DA:231,0
DA:232,0
DA:233,0
DA:235,0
DA:236,0
DA:237,0
DA:239,0
DA:241,0
DA:245,0
DA:248,0
DA:249,0
DA:251,0
DA:252,0
DA:253,0
DA:257,0
DA:258,0
DA:259,0
DA:263,0
DA:264,0
DA:269,0
DA:270,0
DA:274,0
DA:275,0
DA:276,0
DA:277,0
DA:278,0
DA:280,0
DA:281,0
DA:283,0
DA:286,0
DA:287,0
DA:290,0
DA:292,0
DA:313,0
DA:322,0
DA:323,0
DA:329,0
DA:331,0
DA:332,0
DA:333,0
DA:337,0
DA:338,0
DA:339,0
DA:342,0
DA:344,0
DA:345,0
DA:346,0
DA:347,0
DA:348,0
DA:349,0
DA:357,0
DA:365,0
LF:125
LH:0
end_of_record
